#
# A fatal error has been detected by the Java Runtime Environment:
#
#  Internal Error (javaClasses.cpp:129), pid=7176, tid=3060132672
#  fatal error: Invalid layout of preloaded class
#
# JRE version: 7.0_25-b30
# Java VM: OpenJDK Server VM (23.7-b01 mixed mode linux-x86 )
# Failed to write core dump. Core dumps have been disabled. To enable core dumping, try "ulimit -c unlimited" before starting Java again
#
# If you would like to submit a bug report, please include
# instructions on how to reproduce the bug and visit:
#   https://bugs.launchpad.net/ubuntu/+source/openjdk-7/
#

---------------  T H R E A D  ---------------

Current thread (0xb6506c00):  JavaThread "Unknown thread" [_thread_in_vm, id=7181, stack(0xb660e000,0xb665f000)]

Stack: [0xb660e000,0xb665f000]
[error occurred during error reporting (printing stack bounds), id 0xb]


[error occurred during error reporting (printing native stack), id 0xb]


---------------  P R O C E S S  ---------------

Java Threads: ( => current thread )

Other Threads:

=>0xb6506c00 (exited) JavaThread "Unknown thread" [_thread_in_vm, id=7181, stack(0xb660e000,0xb665f000)]

VM state:not at safepoint (not fully initialized)

VM Mutex/Monitor currently owned by a thread: None

GC Heap History (0 events):
No events

Deoptimization events (0 events):
No events

Internal exceptions (0 events):
No events

Events (10 events):
Event: 0.006 loading class 0xb65349c0 done
Event: 0.006 loading class 0xb6534300 done
Event: 0.006 loading class 0xb65342d8
Event: 0.006 loading class 0xb65547c8
Event: 0.006 loading class 0xb65547c8 done
Event: 0.006 loading class 0xb6554800
Event: 0.006 loading class 0xb6554800 done
Event: 0.006 loading class 0xb6554838
Event: 0.006 loading class 0xb6554838 done
Event: 0.006 loading class 0xb65342d8 done


Dynamic libraries:
08048000-08049000 r-xp 00000000 08:05 1180374    /usr/lib/jvm/java-7-openjdk-i386/jre/bin/java
08049000-0804a000 r--p 00000000 08:05 1180374    /usr/lib/jvm/java-7-openjdk-i386/jre/bin/java
0804a000-0804b000 rw-p 00001000 08:05 1180374    /usr/lib/jvm/java-7-openjdk-i386/jre/bin/java
08e0a000-08e2b000 rw-p 00000000 00:00 0          [heap]
677c2000-677e9000 rw-p 00000000 00:00 0 
677e9000-678c0000 r--s 013fe000 08:05 6691207    /home/tiff/android-sdks/platforms/android-19/android.jar
678c0000-6a800000 rw-p 00000000 00:00 0 
6a800000-6a821000 rw-p 00000000 00:00 0 
6a821000-6a900000 ---p 00000000 00:00 0 
6a97f000-6a980000 ---p 00000000 00:00 0 
6a980000-6aa00000 rw-p 00000000 00:00 0          [stack:7185]
6aa00000-6aa21000 rw-p 00000000 00:00 0 
6aa21000-6ab00000 ---p 00000000 00:00 0 
6ab7f000-6ab80000 ---p 00000000 00:00 0 
6ab80000-6ac00000 rw-p 00000000 00:00 0          [stack:7184]
6ac00000-6ac21000 rw-p 00000000 00:00 0 
6ac21000-6ad00000 ---p 00000000 00:00 0 
6ad7f000-6ad80000 ---p 00000000 00:00 0 
6ad80000-6ae00000 rw-p 00000000 00:00 0          [stack:7183]
6ae00000-6ae21000 rw-p 00000000 00:00 0 
6ae21000-6af00000 ---p 00000000 00:00 0 
6af68000-6af69000 ---p 00000000 00:00 0 
6af69000-6aff1000 rw-p 00000000 00:00 0          [stack:7182]
6aff1000-6b029000 rw-p 00000000 00:00 0 
6b029000-6b03f000 rw-p 00000000 00:00 0 
6b03f000-6b17f000 rw-p 00000000 00:00 0 
6b17f000-6b187000 rw-p 00000000 00:00 0 
6b187000-6b1bf000 rw-p 00000000 00:00 0 
6b1bf000-6b1d5000 rw-p 00000000 00:00 0 
6b1d5000-6b314000 rw-p 00000000 00:00 0 
6b314000-6b31f000 rw-p 00000000 00:00 0 
6b31f000-6b3bf000 rw-p 00000000 00:00 0 
6b3bf000-6c3c0000 rw-p 00000000 00:00 0 
6c3c0000-733c0000 rw-p 00000000 00:00 0 
733c0000-75e70000 rw-p 00000000 00:00 0 
75e70000-9de70000 rw-p 00000000 00:00 0 
9de70000-9f3c0000 rw-p 00000000 00:00 0 
9f3c0000-b33c0000 rw-p 00000000 00:00 0 
b33c1000-b33ca000 rw-p 00000000 00:00 0 
b33ca000-b3481000 rw-p 00000000 00:00 0 
b3481000-b36c1000 rwxp 00000000 00:00 0 
b36c1000-b6481000 rw-p 00000000 00:00 0 
b6481000-b648c000 r-xp 00000000 08:05 923685     /lib/i386-linux-gnu/libnss_files-2.15.so
b648c000-b648d000 r--p 0000a000 08:05 923685     /lib/i386-linux-gnu/libnss_files-2.15.so
b648d000-b648e000 rw-p 0000b000 08:05 923685     /lib/i386-linux-gnu/libnss_files-2.15.so
b648e000-b6498000 r-xp 00000000 08:05 923692     /lib/i386-linux-gnu/libnss_nis-2.15.so
b6498000-b6499000 r--p 00009000 08:05 923692     /lib/i386-linux-gnu/libnss_nis-2.15.so
b6499000-b649a000 rw-p 0000a000 08:05 923692     /lib/i386-linux-gnu/libnss_nis-2.15.so
b649a000-b64b0000 r-xp 00000000 08:05 921468     /lib/i386-linux-gnu/libnsl-2.15.so
b64b0000-b64b1000 r--p 00015000 08:05 921468     /lib/i386-linux-gnu/libnsl-2.15.so
b64b1000-b64b2000 rw-p 00016000 08:05 921468     /lib/i386-linux-gnu/libnsl-2.15.so
b64b2000-b64b4000 rw-p 00000000 00:00 0 
b64b4000-b64bb000 r-xp 00000000 08:05 923688     /lib/i386-linux-gnu/libnss_compat-2.15.so
b64bb000-b64bc000 r--p 00006000 08:05 923688     /lib/i386-linux-gnu/libnss_compat-2.15.so
b64bc000-b64bd000 rw-p 00007000 08:05 923688     /lib/i386-linux-gnu/libnss_compat-2.15.so
b64cd000-b64d5000 r-xp 00000000 08:05 1180406    /usr/lib/jvm/java-7-openjdk-i386/jre/lib/i386/libzip.so
b64d5000-b64d6000 r--p 00007000 08:05 1180406    /usr/lib/jvm/java-7-openjdk-i386/jre/lib/i386/libzip.so
b64d6000-b64d7000 rw-p 00008000 08:05 1180406    /usr/lib/jvm/java-7-openjdk-i386/jre/lib/i386/libzip.so
b64d7000-b64fe000 r-xp 00000000 08:05 1180386    /usr/lib/jvm/java-7-openjdk-i386/jre/lib/i386/libjava.so
b64fe000-b64ff000 r--p 00026000 08:05 1180386    /usr/lib/jvm/java-7-openjdk-i386/jre/lib/i386/libjava.so
b64ff000-b6500000 rw-p 00027000 08:05 1180386    /usr/lib/jvm/java-7-openjdk-i386/jre/lib/i386/libjava.so
b6500000-b655f000 rw-p 00000000 00:00 0 
b655f000-b6600000 ---p 00000000 00:00 0 
b6605000-b660c000 r-xp 00000000 08:05 923691     /lib/i386-linux-gnu/librt-2.15.so
b660c000-b660d000 r--p 00006000 08:05 923691     /lib/i386-linux-gnu/librt-2.15.so
b660d000-b660e000 rw-p 00007000 08:05 923691     /lib/i386-linux-gnu/librt-2.15.so
b660e000-b6611000 ---p 00000000 00:00 0 
b6611000-b665f000 rw-p 00000000 00:00 0          [stack:7181]
b665f000-b667b000 r-xp 00000000 08:05 918221     /lib/i386-linux-gnu/libgcc_s.so.1
b667b000-b667c000 r--p 0001b000 08:05 918221     /lib/i386-linux-gnu/libgcc_s.so.1
b667c000-b667d000 rw-p 0001c000 08:05 918221     /lib/i386-linux-gnu/libgcc_s.so.1
b667d000-b66a7000 r-xp 00000000 08:05 923687     /lib/i386-linux-gnu/libm-2.15.so
b66a7000-b66a8000 r--p 00029000 08:05 923687     /lib/i386-linux-gnu/libm-2.15.so
b66a8000-b66a9000 rw-p 0002a000 08:05 923687     /lib/i386-linux-gnu/libm-2.15.so
b66a9000-b6785000 r-xp 00000000 08:05 793498     /usr/lib/i386-linux-gnu/libstdc++.so.6.0.17
b6785000-b6786000 ---p 000dc000 08:05 793498     /usr/lib/i386-linux-gnu/libstdc++.so.6.0.17
b6786000-b678a000 r--p 000dc000 08:05 793498     /usr/lib/i386-linux-gnu/libstdc++.so.6.0.17
b678a000-b678b000 rw-p 000e0000 08:05 793498     /usr/lib/i386-linux-gnu/libstdc++.so.6.0.17
b678b000-b6792000 rw-p 00000000 00:00 0 
b6792000-b7081000 r-xp 00000000 08:05 1180414    /usr/lib/jvm/java-7-openjdk-i386/jre/lib/i386/server/libjvm.so
b7081000-b70c8000 r--p 008ee000 08:05 1180414    /usr/lib/jvm/java-7-openjdk-i386/jre/lib/i386/server/libjvm.so
b70c8000-b70dc000 rw-p 00935000 08:05 1180414    /usr/lib/jvm/java-7-openjdk-i386/jre/lib/i386/server/libjvm.so
b70dc000-b74fa000 rw-p 00000000 00:00 0 
b74fa000-b7511000 r-xp 00000000 08:05 918330     /lib/i386-linux-gnu/libz.so.1.2.7
b7511000-b7512000 r--p 00016000 08:05 918330     /lib/i386-linux-gnu/libz.so.1.2.7
b7512000-b7513000 rw-p 00017000 08:05 918330     /lib/i386-linux-gnu/libz.so.1.2.7
b7513000-b752a000 r-xp 00000000 08:05 923686     /lib/i386-linux-gnu/libpthread-2.15.so
b752a000-b752b000 r--p 00016000 08:05 923686     /lib/i386-linux-gnu/libpthread-2.15.so
b752b000-b752c000 rw-p 00017000 08:05 923686     /lib/i386-linux-gnu/libpthread-2.15.so
b752c000-b752e000 rw-p 00000000 00:00 0 
b752e000-b7531000 r-xp 00000000 08:05 921477     /lib/i386-linux-gnu/libdl-2.15.so
b7531000-b7532000 r--p 00002000 08:05 921477     /lib/i386-linux-gnu/libdl-2.15.so
b7532000-b7533000 rw-p 00003000 08:05 921477     /lib/i386-linux-gnu/libdl-2.15.so
b7533000-b76d6000 r-xp 00000000 08:05 921471     /lib/i386-linux-gnu/libc-2.15.so
b76d6000-b76d7000 ---p 001a3000 08:05 921471     /lib/i386-linux-gnu/libc-2.15.so
b76d7000-b76d9000 r--p 001a3000 08:05 921471     /lib/i386-linux-gnu/libc-2.15.so
b76d9000-b76da000 rw-p 001a5000 08:05 921471     /lib/i386-linux-gnu/libc-2.15.so
b76da000-b76dd000 rw-p 00000000 00:00 0 
b76dd000-b76e5000 rw-s 00000000 08:05 2237441    /tmp/hsperfdata_tiff/7176
b76e5000-b76e6000 rw-p 00000000 00:00 0 
b76e6000-b76e7000 r--p 00000000 00:00 0 
b76e7000-b76f4000 r-xp 00000000 08:05 1180405    /usr/lib/jvm/java-7-openjdk-i386/jre/lib/i386/libverify.so
b76f4000-b76f5000 ---p 0000d000 08:05 1180405    /usr/lib/jvm/java-7-openjdk-i386/jre/lib/i386/libverify.so
b76f5000-b76f6000 r--p 0000d000 08:05 1180405    /usr/lib/jvm/java-7-openjdk-i386/jre/lib/i386/libverify.so
b76f6000-b76f7000 rw-p 0000e000 08:05 1180405    /usr/lib/jvm/java-7-openjdk-i386/jre/lib/i386/libverify.so
b76f7000-b7704000 r-xp 00000000 08:05 1180388    /usr/lib/jvm/java-7-openjdk-i386/jre/lib/i386/jli/libjli.so
b7704000-b7705000 r--p 0000c000 08:05 1180388    /usr/lib/jvm/java-7-openjdk-i386/jre/lib/i386/jli/libjli.so
b7705000-b7706000 rw-p 0000d000 08:05 1180388    /usr/lib/jvm/java-7-openjdk-i386/jre/lib/i386/jli/libjli.so
b7706000-b7709000 rw-p 00000000 00:00 0 
b7709000-b770a000 r-xp 00000000 00:00 0          [vdso]
b770a000-b772a000 r-xp 00000000 08:05 923690     /lib/i386-linux-gnu/ld-2.15.so
b772a000-b772b000 r--p 0001f000 08:05 923690     /lib/i386-linux-gnu/ld-2.15.so
b772b000-b772c000 rw-p 00020000 08:05 923690     /lib/i386-linux-gnu/ld-2.15.so
bfd3c000-bfd5d000 rw-p 00000000 00:00 0          [stack]

VM Arguments:
jvm_args: -Dfile.encoding=UTF-8 -Xbootclasspath:/home/tiff/android-sdks/platforms/android-19/android.jar 
java_command: org.eclipse.jdt.internal.junit.runner.RemoteTestRunner -version 3 -port 32900 -testLoaderClass org.eclipse.jdt.internal.junit4.runner.JUnit4TestLoader -loaderpluginname org.eclipse.jdt.junit4.runtime -classNames android.cs2340.Model.DanielsUserTest
Launcher Type: SUN_STANDARD

Environment Variables:
PATH=/usr/local/sbin:/usr/local/bin:/usr/sbin:/usr/bin:/sbin:/bin:/usr/games:/usr/local/games:/home/tiff/.rvm/bin
USERNAME=tiff
LD_LIBRARY_PATH=/usr/lib/jvm/java-7-openjdk-i386/jre/lib/i386/server:/usr/lib/jvm/java-7-openjdk-i386/jre/lib/i386:/usr/lib/jvm/java-7-openjdk-i386/jre/../lib/i386:/usr/lib/jvm/java-7-openjdk-i386/jre/lib/i386/client:/usr/lib/jvm/java-7-openjdk-i386/jre/lib/i386:
SHELL=/bin/bash
DISPLAY=:0.0

Signal Handlers:
SIGSEGV: [libjvm.so+0x7564a0], sa_mask[0]=0x7ffbfeff, sa_flags=0x10000004
SIGBUS: [libjvm.so+0x7564a0], sa_mask[0]=0x7ffbfeff, sa_flags=0x10000004
SIGFPE: [libjvm.so+0x5f2c10], sa_mask[0]=0x7ffbfeff, sa_flags=0x10000004
SIGPIPE: [libjvm.so+0x5f2c10], sa_mask[0]=0x7ffbfeff, sa_flags=0x10000004
SIGXFSZ: [libjvm.so+0x5f2c10], sa_mask[0]=0x7ffbfeff, sa_flags=0x10000004
SIGILL: [libjvm.so+0x5f2c10], sa_mask[0]=0x7ffbfeff, sa_flags=0x10000004
SIGUSR1: SIG_DFL, sa_mask[0]=0x00000000, sa_flags=0x00000000
SIGUSR2: [libjvm.so+0x5f2ac0], sa_mask[0]=0x00000004, sa_flags=0x10000004
SIGHUP: SIG_DFL, sa_mask[0]=0x00000000, sa_flags=0x00000000
SIGINT: SIG_DFL, sa_mask[0]=0x00000000, sa_flags=0x00000000
SIGTERM: SIG_DFL, sa_mask[0]=0x00000000, sa_flags=0x00000000
SIGQUIT: SIG_DFL, sa_mask[0]=0x00000000, sa_flags=0x00000000


---------------  S Y S T E M  ---------------

OS:LinuxMint 14 (nadia)
uname:Linux 3.5.0-17-generic #28-Ubuntu SMP Tue Oct 9 19:32:08 UTC 2012 i686
libc:glibc 2.15 NPTL 2.15 
rlimit: STACK 8192k, CORE 0k, NPROC 47498, NOFILE 4096, AS infinity
load average:0.21 0.23 0.31

/proc/meminfo:
MemTotal:        6102808 kB
MemFree:         3090304 kB
Buffers:          316220 kB
Cached:          1384512 kB
SwapCached:            0 kB
Active:          1698064 kB
Inactive:        1064992 kB
Active(anon):     917020 kB
Inactive(anon):   228616 kB
Active(file):     781044 kB
Inactive(file):   836376 kB
Unevictable:           0 kB
Mlocked:               0 kB
HighTotal:       5272128 kB
HighFree:        2802488 kB
LowTotal:         830680 kB
LowFree:          287816 kB
SwapTotal:       9233284 kB
SwapFree:        9233148 kB
Dirty:               192 kB
Writeback:             0 kB
AnonPages:       1062944 kB
Mapped:           181076 kB
Shmem:             83056 kB
Slab:             201328 kB
SReclaimable:     179068 kB
SUnreclaim:        22260 kB
KernelStack:        3728 kB
PageTables:        10356 kB
NFS_Unstable:          0 kB
Bounce:                0 kB
WritebackTmp:          0 kB
CommitLimit:    12284688 kB
Committed_AS:    3977744 kB
VmallocTotal:     122880 kB
VmallocUsed:       25704 kB
VmallocChunk:      94068 kB
HardwareCorrupted:     0 kB
AnonHugePages:         0 kB
HugePages_Total:       0
HugePages_Free:        0
HugePages_Rsvd:        0
HugePages_Surp:        0
Hugepagesize:       2048 kB
DirectMap4k:       10232 kB
DirectMap2M:      903168 kB


CPU:total 4 (2 cores per cpu, 2 threads per core) family 6 model 58 stepping 9, cmov, cx8, fxsr, mmx, sse, sse2, sse3, ssse3, sse4.1, sse4.2, popcnt, avx, ht, tsc, tscinvbit, tscinv

/proc/cpuinfo:
processor	: 0
vendor_id	: GenuineIntel
cpu family	: 6
model		: 58
model name	: Intel(R) Core(TM) i5-3210M CPU @ 2.50GHz
stepping	: 9
microcode	: 0x12
cpu MHz		: 2501.000
cache size	: 3072 KB
physical id	: 0
siblings	: 4
core id		: 0
cpu cores	: 2
apicid		: 0
initial apicid	: 0
fdiv_bug	: no
hlt_bug		: no
f00f_bug	: no
coma_bug	: no
fpu		: yes
fpu_exception	: yes
cpuid level	: 13
wp		: yes
flags		: fpu vme de pse tsc msr pae mce cx8 apic sep mtrr pge mca cmov pat pse36 clflush dts acpi mmx fxsr sse sse2 ss ht tm pbe nx rdtscp lm constant_tsc arch_perfmon pebs bts xtopology nonstop_tsc aperfmperf pni pclmulqdq dtes64 monitor ds_cpl vmx est tm2 ssse3 cx16 xtpr pdcm pcid sse4_1 sse4_2 x2apic popcnt tsc_deadline_timer aes xsave avx f16c rdrand lahf_lm ida arat epb xsaveopt pln pts dtherm tpr_shadow vnmi flexpriority ept vpid fsgsbase smep erms
bogomips	: 4989.18
clflush size	: 64
cache_alignment	: 64
address sizes	: 36 bits physical, 48 bits virtual
power management:

processor	: 1
vendor_id	: GenuineIntel
cpu family	: 6
model		: 58
model name	: Intel(R) Core(TM) i5-3210M CPU @ 2.50GHz
stepping	: 9
microcode	: 0x12
cpu MHz		: 2501.000
cache size	: 3072 KB
physical id	: 0
siblings	: 4
core id		: 0
cpu cores	: 2
apicid		: 1
initial apicid	: 1
fdiv_bug	: no
hlt_bug		: no
f00f_bug	: no
coma_bug	: no
fpu		: yes
fpu_exception	: yes
cpuid level	: 13
wp		: yes
flags		: fpu vme de pse tsc msr pae mce cx8 apic sep mtrr pge mca cmov pat pse36 clflush dts acpi mmx fxsr sse sse2 ss ht tm pbe nx rdtscp lm constant_tsc arch_perfmon pebs bts xtopology nonstop_tsc aperfmperf pni pclmulqdq dtes64 monitor ds_cpl vmx est tm2 ssse3 cx16 xtpr pdcm pcid sse4_1 sse4_2 x2apic popcnt tsc_deadline_timer aes xsave avx f16c rdrand lahf_lm ida arat epb xsaveopt pln pts dtherm tpr_shadow vnmi flexpriority ept vpid fsgsbase smep erms
bogomips	: 4989.18
clflush size	: 64
cache_alignment	: 64
address sizes	: 36 bits physical, 48 bits virtual
power management:

processor	: 2
vendor_id	: GenuineIntel
cpu family	: 6
model		: 58
model name	: Intel(R) Core(TM) i5-3210M CPU @ 2.50GHz
stepping	: 9
microcode	: 0x12
cpu MHz		: 1200.000
cache size	: 3072 KB
physical id	: 0
siblings	: 4
core id		: 1
cpu cores	: 2
apicid		: 2
initial apicid	: 2
fdiv_bug	: no
hlt_bug		: no
f00f_bug	: no
coma_bug	: no
fpu		: yes
fpu_exception	: yes
cpuid level	: 13
wp		: yes
flags		: fpu vme de pse tsc msr pae mce cx8 apic sep mtrr pge mca cmov pat pse36 clflush dts acpi mmx fxsr sse sse2 ss ht tm pbe nx rdtscp lm constant_tsc arch_perfmon pebs bts xtopology nonstop_tsc aperfmperf pni pclmulqdq dtes64 monitor ds_cpl vmx est tm2 ssse3 cx16 xtpr pdcm pcid sse4_1 sse4_2 x2apic popcnt tsc_deadline_timer aes xsave avx f16c rdrand lahf_lm ida arat epb xsaveopt pln pts dtherm tpr_shadow vnmi flexpriority ept vpid fsgsbase smep erms
bogomips	: 4989.18
clflush size	: 64
cache_alignment	: 64
address sizes	: 36 bits physical, 48 bits virtual
power management:

processor	: 3
vendor_id	: GenuineIntel
cpu family	: 6
model		: 58
model name	: Intel(R) Core(TM) i5-3210M CPU @ 2.50GHz
stepping	: 9
microcode	: 0x12
cpu MHz		: 2501.000
cache size	: 3072 KB
physical id	: 0
siblings	: 4
core id		: 1
cpu cores	: 2
apicid		: 3
initial apicid	: 3
fdiv_bug	: no
hlt_bug		: no
f00f_bug	: no
coma_bug	: no
fpu		: yes
fpu_exception	: yes
cpuid level	: 13
wp		: yes
flags		: fpu vme de pse tsc msr pae mce cx8 apic sep mtrr pge mca cmov pat pse36 clflush dts acpi mmx fxsr sse sse2 ss ht tm pbe nx rdtscp lm constant_tsc arch_perfmon pebs bts xtopology nonstop_tsc aperfmperf pni pclmulqdq dtes64 monitor ds_cpl vmx est tm2 ssse3 cx16 xtpr pdcm pcid sse4_1 sse4_2 x2apic popcnt tsc_deadline_timer aes xsave avx f16c rdrand lahf_lm ida arat epb xsaveopt pln pts dtherm tpr_shadow vnmi flexpriority ept vpid fsgsbase smep erms
bogomips	: 4989.18
clflush size	: 64
cache_alignment	: 64
address sizes	: 36 bits physical, 48 bits virtual
power management:



Memory: 4k page, physical 6102808k(3090304k free), swap 9233284k(9233148k free)

vm_info: OpenJDK Server VM (23.7-b01) for linux-x86 JRE (1.7.0_25-b30), built on Jul  3 2013 13:57:54 by "buildd" with gcc 4.7.2

time: Wed Apr  9 03:13:57 2014
elapsed time: 0 seconds

