#
# A fatal error has been detected by the Java Runtime Environment:
#
#  Internal Error (javaClasses.cpp:129), pid=7214, tid=3060558656
#  fatal error: Invalid layout of preloaded class
#
# JRE version: 7.0_25-b30
# Java VM: OpenJDK Server VM (23.7-b01 mixed mode linux-x86 )
# Failed to write core dump. Core dumps have been disabled. To enable core dumping, try "ulimit -c unlimited" before starting Java again
#
# If you would like to submit a bug report, please include
# instructions on how to reproduce the bug and visit:
#   https://bugs.launchpad.net/ubuntu/+source/openjdk-7/
#

---------------  T H R E A D  ---------------

Current thread (0xb6506c00):  JavaThread "Unknown thread" [_thread_in_vm, id=7220, stack(0xb6676000,0xb66c7000)]

Stack: [0xb6676000,0xb66c7000]
[error occurred during error reporting (printing stack bounds), id 0xb]


[error occurred during error reporting (printing native stack), id 0xb]


---------------  P R O C E S S  ---------------

Java Threads: ( => current thread )

Other Threads:

=>0xb6506c00 (exited) JavaThread "Unknown thread" [_thread_in_vm, id=7220, stack(0xb6676000,0xb66c7000)]

VM state:not at safepoint (not fully initialized)

VM Mutex/Monitor currently owned by a thread: None

GC Heap History (0 events):
No events

Deoptimization events (0 events):
No events

Internal exceptions (0 events):
No events

Events (10 events):
Event: 0.005 loading class 0xb65349c0 done
Event: 0.005 loading class 0xb6534300 done
Event: 0.005 loading class 0xb65342d8
Event: 0.005 loading class 0xb65547c8
Event: 0.005 loading class 0xb65547c8 done
Event: 0.005 loading class 0xb6554800
Event: 0.005 loading class 0xb6554800 done
Event: 0.005 loading class 0xb6554838
Event: 0.005 loading class 0xb6554838 done
Event: 0.005 loading class 0xb65342d8 done


Dynamic libraries:
08048000-08049000 r-xp 00000000 08:05 1180374    /usr/lib/jvm/java-7-openjdk-i386/jre/bin/java
08049000-0804a000 r--p 00000000 08:05 1180374    /usr/lib/jvm/java-7-openjdk-i386/jre/bin/java
0804a000-0804b000 rw-p 00001000 08:05 1180374    /usr/lib/jvm/java-7-openjdk-i386/jre/bin/java
09a09000-09a2a000 rw-p 00000000 00:00 0          [heap]
678c2000-678e9000 rw-p 00000000 00:00 0 
678e9000-679c0000 r--s 013fe000 08:05 6691207    /home/tiff/android-sdks/platforms/android-19/android.jar
679c0000-6a900000 rw-p 00000000 00:00 0 
6a900000-6a921000 rw-p 00000000 00:00 0 
6a921000-6aa00000 ---p 00000000 00:00 0 
6aa7f000-6aa80000 ---p 00000000 00:00 0 
6aa80000-6ab00000 rw-p 00000000 00:00 0          [stack:7224]
6ab00000-6ab21000 rw-p 00000000 00:00 0 
6ab21000-6ac00000 ---p 00000000 00:00 0 
6ac00000-6ac21000 rw-p 00000000 00:00 0 
6ac21000-6ad00000 ---p 00000000 00:00 0 
6ad7f000-6ad80000 ---p 00000000 00:00 0 
6ad80000-6ae00000 rw-p 00000000 00:00 0          [stack:7223]
6ae00000-6ae21000 rw-p 00000000 00:00 0 
6ae21000-6af00000 ---p 00000000 00:00 0 
6af47000-6af48000 ---p 00000000 00:00 0 
6af48000-6afc8000 rw-p 00000000 00:00 0          [stack:7222]
6afc8000-6afc9000 ---p 00000000 00:00 0 
6afc9000-6b051000 rw-p 00000000 00:00 0          [stack:7221]
6b051000-6b089000 rw-p 00000000 00:00 0 
6b089000-6b09f000 rw-p 00000000 00:00 0 
6b09f000-6b1df000 rw-p 00000000 00:00 0 
6b1df000-6b1e7000 rw-p 00000000 00:00 0 
6b1e7000-6b21f000 rw-p 00000000 00:00 0 
6b21f000-6b235000 rw-p 00000000 00:00 0 
6b235000-6b374000 rw-p 00000000 00:00 0 
6b374000-6b37f000 rw-p 00000000 00:00 0 
6b37f000-6b41f000 rw-p 00000000 00:00 0 
6b41f000-6c420000 rw-p 00000000 00:00 0 
6c420000-73420000 rw-p 00000000 00:00 0 
73420000-75ed0000 rw-p 00000000 00:00 0 
75ed0000-9ded0000 rw-p 00000000 00:00 0 
9ded0000-9f420000 rw-p 00000000 00:00 0 
9f420000-b3420000 rw-p 00000000 00:00 0 
b3427000-b3430000 rw-p 00000000 00:00 0 
b3430000-b34e7000 rw-p 00000000 00:00 0 
b34e7000-b3727000 rwxp 00000000 00:00 0 
b3727000-b64e7000 rw-p 00000000 00:00 0 
b64e7000-b64f2000 r-xp 00000000 08:05 923685     /lib/i386-linux-gnu/libnss_files-2.15.so
b64f2000-b64f3000 r--p 0000a000 08:05 923685     /lib/i386-linux-gnu/libnss_files-2.15.so
b64f3000-b64f4000 rw-p 0000b000 08:05 923685     /lib/i386-linux-gnu/libnss_files-2.15.so
b64f4000-b64fe000 r-xp 00000000 08:05 923692     /lib/i386-linux-gnu/libnss_nis-2.15.so
b64fe000-b64ff000 r--p 00009000 08:05 923692     /lib/i386-linux-gnu/libnss_nis-2.15.so
b64ff000-b6500000 rw-p 0000a000 08:05 923692     /lib/i386-linux-gnu/libnss_nis-2.15.so
b6500000-b655f000 rw-p 00000000 00:00 0 
b655f000-b6600000 ---p 00000000 00:00 0 
b6607000-b661d000 r-xp 00000000 08:05 921468     /lib/i386-linux-gnu/libnsl-2.15.so
b661d000-b661e000 r--p 00015000 08:05 921468     /lib/i386-linux-gnu/libnsl-2.15.so
b661e000-b661f000 rw-p 00016000 08:05 921468     /lib/i386-linux-gnu/libnsl-2.15.so
b661f000-b6621000 rw-p 00000000 00:00 0 
b6621000-b6628000 r-xp 00000000 08:05 923688     /lib/i386-linux-gnu/libnss_compat-2.15.so
b6628000-b6629000 r--p 00006000 08:05 923688     /lib/i386-linux-gnu/libnss_compat-2.15.so
b6629000-b662a000 rw-p 00007000 08:05 923688     /lib/i386-linux-gnu/libnss_compat-2.15.so
b663a000-b6642000 r-xp 00000000 08:05 1180406    /usr/lib/jvm/java-7-openjdk-i386/jre/lib/i386/libzip.so
b6642000-b6643000 r--p 00007000 08:05 1180406    /usr/lib/jvm/java-7-openjdk-i386/jre/lib/i386/libzip.so
b6643000-b6644000 rw-p 00008000 08:05 1180406    /usr/lib/jvm/java-7-openjdk-i386/jre/lib/i386/libzip.so
b6644000-b666b000 r-xp 00000000 08:05 1180386    /usr/lib/jvm/java-7-openjdk-i386/jre/lib/i386/libjava.so
b666b000-b666c000 r--p 00026000 08:05 1180386    /usr/lib/jvm/java-7-openjdk-i386/jre/lib/i386/libjava.so
b666c000-b666d000 rw-p 00027000 08:05 1180386    /usr/lib/jvm/java-7-openjdk-i386/jre/lib/i386/libjava.so
b666d000-b6674000 r-xp 00000000 08:05 923691     /lib/i386-linux-gnu/librt-2.15.so
b6674000-b6675000 r--p 00006000 08:05 923691     /lib/i386-linux-gnu/librt-2.15.so
b6675000-b6676000 rw-p 00007000 08:05 923691     /lib/i386-linux-gnu/librt-2.15.so
b6676000-b6679000 ---p 00000000 00:00 0 
b6679000-b66c7000 rw-p 00000000 00:00 0          [stack:7220]
b66c7000-b66e3000 r-xp 00000000 08:05 918221     /lib/i386-linux-gnu/libgcc_s.so.1
b66e3000-b66e4000 r--p 0001b000 08:05 918221     /lib/i386-linux-gnu/libgcc_s.so.1
b66e4000-b66e5000 rw-p 0001c000 08:05 918221     /lib/i386-linux-gnu/libgcc_s.so.1
b66e5000-b670f000 r-xp 00000000 08:05 923687     /lib/i386-linux-gnu/libm-2.15.so
b670f000-b6710000 r--p 00029000 08:05 923687     /lib/i386-linux-gnu/libm-2.15.so
b6710000-b6711000 rw-p 0002a000 08:05 923687     /lib/i386-linux-gnu/libm-2.15.so
b6711000-b67ed000 r-xp 00000000 08:05 793498     /usr/lib/i386-linux-gnu/libstdc++.so.6.0.17
b67ed000-b67ee000 ---p 000dc000 08:05 793498     /usr/lib/i386-linux-gnu/libstdc++.so.6.0.17
b67ee000-b67f2000 r--p 000dc000 08:05 793498     /usr/lib/i386-linux-gnu/libstdc++.so.6.0.17
b67f2000-b67f3000 rw-p 000e0000 08:05 793498     /usr/lib/i386-linux-gnu/libstdc++.so.6.0.17
b67f3000-b67fa000 rw-p 00000000 00:00 0 
b67fa000-b70e9000 r-xp 00000000 08:05 1180414    /usr/lib/jvm/java-7-openjdk-i386/jre/lib/i386/server/libjvm.so
b70e9000-b7130000 r--p 008ee000 08:05 1180414    /usr/lib/jvm/java-7-openjdk-i386/jre/lib/i386/server/libjvm.so
b7130000-b7144000 rw-p 00935000 08:05 1180414    /usr/lib/jvm/java-7-openjdk-i386/jre/lib/i386/server/libjvm.so
b7144000-b7562000 rw-p 00000000 00:00 0 
b7562000-b7579000 r-xp 00000000 08:05 918330     /lib/i386-linux-gnu/libz.so.1.2.7
b7579000-b757a000 r--p 00016000 08:05 918330     /lib/i386-linux-gnu/libz.so.1.2.7
b757a000-b757b000 rw-p 00017000 08:05 918330     /lib/i386-linux-gnu/libz.so.1.2.7
b757b000-b7592000 r-xp 00000000 08:05 923686     /lib/i386-linux-gnu/libpthread-2.15.so
b7592000-b7593000 r--p 00016000 08:05 923686     /lib/i386-linux-gnu/libpthread-2.15.so
b7593000-b7594000 rw-p 00017000 08:05 923686     /lib/i386-linux-gnu/libpthread-2.15.so
b7594000-b7596000 rw-p 00000000 00:00 0 
b7596000-b7599000 r-xp 00000000 08:05 921477     /lib/i386-linux-gnu/libdl-2.15.so
b7599000-b759a000 r--p 00002000 08:05 921477     /lib/i386-linux-gnu/libdl-2.15.so
b759a000-b759b000 rw-p 00003000 08:05 921477     /lib/i386-linux-gnu/libdl-2.15.so
b759b000-b773e000 r-xp 00000000 08:05 921471     /lib/i386-linux-gnu/libc-2.15.so
b773e000-b773f000 ---p 001a3000 08:05 921471     /lib/i386-linux-gnu/libc-2.15.so
b773f000-b7741000 r--p 001a3000 08:05 921471     /lib/i386-linux-gnu/libc-2.15.so
b7741000-b7742000 rw-p 001a5000 08:05 921471     /lib/i386-linux-gnu/libc-2.15.so
b7742000-b7745000 rw-p 00000000 00:00 0 
b7745000-b774d000 rw-s 00000000 08:05 2237441    /tmp/hsperfdata_tiff/7214
b774d000-b774e000 rw-p 00000000 00:00 0 
b774e000-b774f000 r--p 00000000 00:00 0 
b774f000-b775c000 r-xp 00000000 08:05 1180405    /usr/lib/jvm/java-7-openjdk-i386/jre/lib/i386/libverify.so
b775c000-b775d000 ---p 0000d000 08:05 1180405    /usr/lib/jvm/java-7-openjdk-i386/jre/lib/i386/libverify.so
b775d000-b775e000 r--p 0000d000 08:05 1180405    /usr/lib/jvm/java-7-openjdk-i386/jre/lib/i386/libverify.so
b775e000-b775f000 rw-p 0000e000 08:05 1180405    /usr/lib/jvm/java-7-openjdk-i386/jre/lib/i386/libverify.so
b775f000-b776c000 r-xp 00000000 08:05 1180388    /usr/lib/jvm/java-7-openjdk-i386/jre/lib/i386/jli/libjli.so
b776c000-b776d000 r--p 0000c000 08:05 1180388    /usr/lib/jvm/java-7-openjdk-i386/jre/lib/i386/jli/libjli.so
b776d000-b776e000 rw-p 0000d000 08:05 1180388    /usr/lib/jvm/java-7-openjdk-i386/jre/lib/i386/jli/libjli.so
b776e000-b7771000 rw-p 00000000 00:00 0 
b7771000-b7772000 r-xp 00000000 00:00 0          [vdso]
b7772000-b7792000 r-xp 00000000 08:05 923690     /lib/i386-linux-gnu/ld-2.15.so
b7792000-b7793000 r--p 0001f000 08:05 923690     /lib/i386-linux-gnu/ld-2.15.so
b7793000-b7794000 rw-p 00020000 08:05 923690     /lib/i386-linux-gnu/ld-2.15.so
bf8bf000-bf8e0000 rw-p 00000000 00:00 0          [stack]

VM Arguments:
jvm_args: -Dfile.encoding=UTF-8 -Xbootclasspath:/home/tiff/android-sdks/platforms/android-19/android.jar 
java_command: org.eclipse.jdt.internal.junit.runner.RemoteTestRunner -version 3 -port 36169 -testLoaderClass org.eclipse.jdt.internal.junit4.runner.JUnit4TestLoader -loaderpluginname org.eclipse.jdt.junit4.runtime -classNames android.cs2340.Model.DanielsUserTest
Launcher Type: SUN_STANDARD

Environment Variables:
PATH=/usr/local/sbin:/usr/local/bin:/usr/sbin:/usr/bin:/sbin:/bin:/usr/games:/usr/local/games:/home/tiff/.rvm/bin
USERNAME=tiff
LD_LIBRARY_PATH=/usr/lib/jvm/java-7-openjdk-i386/jre/lib/i386/server:/usr/lib/jvm/java-7-openjdk-i386/jre/lib/i386:/usr/lib/jvm/java-7-openjdk-i386/jre/../lib/i386:/usr/lib/jvm/java-7-openjdk-i386/jre/lib/i386/client:/usr/lib/jvm/java-7-openjdk-i386/jre/lib/i386:
SHELL=/bin/bash
DISPLAY=:0.0

Signal Handlers:
SIGSEGV: [libjvm.so+0x7564a0], sa_mask[0]=0x7ffbfeff, sa_flags=0x10000004
SIGBUS: [libjvm.so+0x7564a0], sa_mask[0]=0x7ffbfeff, sa_flags=0x10000004
SIGFPE: [libjvm.so+0x5f2c10], sa_mask[0]=0x7ffbfeff, sa_flags=0x10000004
SIGPIPE: [libjvm.so+0x5f2c10], sa_mask[0]=0x7ffbfeff, sa_flags=0x10000004
SIGXFSZ: [libjvm.so+0x5f2c10], sa_mask[0]=0x7ffbfeff, sa_flags=0x10000004
SIGILL: [libjvm.so+0x5f2c10], sa_mask[0]=0x7ffbfeff, sa_flags=0x10000004
SIGUSR1: SIG_DFL, sa_mask[0]=0x00000000, sa_flags=0x00000000
SIGUSR2: [libjvm.so+0x5f2ac0], sa_mask[0]=0x00000004, sa_flags=0x10000004
SIGHUP: SIG_DFL, sa_mask[0]=0x00000000, sa_flags=0x00000000
SIGINT: SIG_DFL, sa_mask[0]=0x00000000, sa_flags=0x00000000
SIGTERM: SIG_DFL, sa_mask[0]=0x00000000, sa_flags=0x00000000
SIGQUIT: SIG_DFL, sa_mask[0]=0x00000000, sa_flags=0x00000000


---------------  S Y S T E M  ---------------

OS:LinuxMint 14 (nadia)
uname:Linux 3.5.0-17-generic #28-Ubuntu SMP Tue Oct 9 19:32:08 UTC 2012 i686
libc:glibc 2.15 NPTL 2.15 
rlimit: STACK 8192k, CORE 0k, NPROC 47498, NOFILE 4096, AS infinity
load average:0.09 0.20 0.30

/proc/meminfo:
MemTotal:        6102808 kB
MemFree:         3092848 kB
Buffers:          316260 kB
Cached:          1380348 kB
SwapCached:            0 kB
Active:          1697820 kB
Inactive:        1061756 kB
Active(anon):     916684 kB
Inactive(anon):   225372 kB
Active(file):     781136 kB
Inactive(file):   836384 kB
Unevictable:           0 kB
Mlocked:               0 kB
HighTotal:       5272128 kB
HighFree:        2804844 kB
LowTotal:         830680 kB
LowFree:          288004 kB
SwapTotal:       9233284 kB
SwapFree:        9233148 kB
Dirty:               388 kB
Writeback:             0 kB
AnonPages:       1062928 kB
Mapped:           181360 kB
Shmem:             79088 kB
Slab:             201320 kB
SReclaimable:     179060 kB
SUnreclaim:        22260 kB
KernelStack:        3728 kB
PageTables:        10356 kB
NFS_Unstable:          0 kB
Bounce:                0 kB
WritebackTmp:          0 kB
CommitLimit:    12284688 kB
Committed_AS:    3975284 kB
VmallocTotal:     122880 kB
VmallocUsed:       25704 kB
VmallocChunk:      94068 kB
HardwareCorrupted:     0 kB
AnonHugePages:         0 kB
HugePages_Total:       0
HugePages_Free:        0
HugePages_Rsvd:        0
HugePages_Surp:        0
Hugepagesize:       2048 kB
DirectMap4k:       10232 kB
DirectMap2M:      903168 kB


CPU:total 4 (2 cores per cpu, 2 threads per core) family 6 model 58 stepping 9, cmov, cx8, fxsr, mmx, sse, sse2, sse3, ssse3, sse4.1, sse4.2, popcnt, avx, ht, tsc, tscinvbit, tscinv

/proc/cpuinfo:
processor	: 0
vendor_id	: GenuineIntel
cpu family	: 6
model		: 58
model name	: Intel(R) Core(TM) i5-3210M CPU @ 2.50GHz
stepping	: 9
microcode	: 0x12
cpu MHz		: 2501.000
cache size	: 3072 KB
physical id	: 0
siblings	: 4
core id		: 0
cpu cores	: 2
apicid		: 0
initial apicid	: 0
fdiv_bug	: no
hlt_bug		: no
f00f_bug	: no
coma_bug	: no
fpu		: yes
fpu_exception	: yes
cpuid level	: 13
wp		: yes
flags		: fpu vme de pse tsc msr pae mce cx8 apic sep mtrr pge mca cmov pat pse36 clflush dts acpi mmx fxsr sse sse2 ss ht tm pbe nx rdtscp lm constant_tsc arch_perfmon pebs bts xtopology nonstop_tsc aperfmperf pni pclmulqdq dtes64 monitor ds_cpl vmx est tm2 ssse3 cx16 xtpr pdcm pcid sse4_1 sse4_2 x2apic popcnt tsc_deadline_timer aes xsave avx f16c rdrand lahf_lm ida arat epb xsaveopt pln pts dtherm tpr_shadow vnmi flexpriority ept vpid fsgsbase smep erms
bogomips	: 4989.18
clflush size	: 64
cache_alignment	: 64
address sizes	: 36 bits physical, 48 bits virtual
power management:

processor	: 1
vendor_id	: GenuineIntel
cpu family	: 6
model		: 58
model name	: Intel(R) Core(TM) i5-3210M CPU @ 2.50GHz
stepping	: 9
microcode	: 0x12
cpu MHz		: 2501.000
cache size	: 3072 KB
physical id	: 0
siblings	: 4
core id		: 0
cpu cores	: 2
apicid		: 1
initial apicid	: 1
fdiv_bug	: no
hlt_bug		: no
f00f_bug	: no
coma_bug	: no
fpu		: yes
fpu_exception	: yes
cpuid level	: 13
wp		: yes
flags		: fpu vme de pse tsc msr pae mce cx8 apic sep mtrr pge mca cmov pat pse36 clflush dts acpi mmx fxsr sse sse2 ss ht tm pbe nx rdtscp lm constant_tsc arch_perfmon pebs bts xtopology nonstop_tsc aperfmperf pni pclmulqdq dtes64 monitor ds_cpl vmx est tm2 ssse3 cx16 xtpr pdcm pcid sse4_1 sse4_2 x2apic popcnt tsc_deadline_timer aes xsave avx f16c rdrand lahf_lm ida arat epb xsaveopt pln pts dtherm tpr_shadow vnmi flexpriority ept vpid fsgsbase smep erms
bogomips	: 4989.18
clflush size	: 64
cache_alignment	: 64
address sizes	: 36 bits physical, 48 bits virtual
power management:

processor	: 2
vendor_id	: GenuineIntel
cpu family	: 6
model		: 58
model name	: Intel(R) Core(TM) i5-3210M CPU @ 2.50GHz
stepping	: 9
microcode	: 0x12
cpu MHz		: 1900.000
cache size	: 3072 KB
physical id	: 0
siblings	: 4
core id		: 1
cpu cores	: 2
apicid		: 2
initial apicid	: 2
fdiv_bug	: no
hlt_bug		: no
f00f_bug	: no
coma_bug	: no
fpu		: yes
fpu_exception	: yes
cpuid level	: 13
wp		: yes
flags		: fpu vme de pse tsc msr pae mce cx8 apic sep mtrr pge mca cmov pat pse36 clflush dts acpi mmx fxsr sse sse2 ss ht tm pbe nx rdtscp lm constant_tsc arch_perfmon pebs bts xtopology nonstop_tsc aperfmperf pni pclmulqdq dtes64 monitor ds_cpl vmx est tm2 ssse3 cx16 xtpr pdcm pcid sse4_1 sse4_2 x2apic popcnt tsc_deadline_timer aes xsave avx f16c rdrand lahf_lm ida arat epb xsaveopt pln pts dtherm tpr_shadow vnmi flexpriority ept vpid fsgsbase smep erms
bogomips	: 4989.18
clflush size	: 64
cache_alignment	: 64
address sizes	: 36 bits physical, 48 bits virtual
power management:

processor	: 3
vendor_id	: GenuineIntel
cpu family	: 6
model		: 58
model name	: Intel(R) Core(TM) i5-3210M CPU @ 2.50GHz
stepping	: 9
microcode	: 0x12
cpu MHz		: 2501.000
cache size	: 3072 KB
physical id	: 0
siblings	: 4
core id		: 1
cpu cores	: 2
apicid		: 3
initial apicid	: 3
fdiv_bug	: no
hlt_bug		: no
f00f_bug	: no
coma_bug	: no
fpu		: yes
fpu_exception	: yes
cpuid level	: 13
wp		: yes
flags		: fpu vme de pse tsc msr pae mce cx8 apic sep mtrr pge mca cmov pat pse36 clflush dts acpi mmx fxsr sse sse2 ss ht tm pbe nx rdtscp lm constant_tsc arch_perfmon pebs bts xtopology nonstop_tsc aperfmperf pni pclmulqdq dtes64 monitor ds_cpl vmx est tm2 ssse3 cx16 xtpr pdcm pcid sse4_1 sse4_2 x2apic popcnt tsc_deadline_timer aes xsave avx f16c rdrand lahf_lm ida arat epb xsaveopt pln pts dtherm tpr_shadow vnmi flexpriority ept vpid fsgsbase smep erms
bogomips	: 4989.18
clflush size	: 64
cache_alignment	: 64
address sizes	: 36 bits physical, 48 bits virtual
power management:



Memory: 4k page, physical 6102808k(3092848k free), swap 9233284k(9233148k free)

vm_info: OpenJDK Server VM (23.7-b01) for linux-x86 JRE (1.7.0_25-b30), built on Jul  3 2013 13:57:54 by "buildd" with gcc 4.7.2

time: Wed Apr  9 03:14:50 2014
elapsed time: 0 seconds

