#
# A fatal error has been detected by the Java Runtime Environment:
#
#  Internal Error (javaClasses.cpp:129), pid=29793, tid=3060734784
#  fatal error: Invalid layout of preloaded class
#
# JRE version: 7.0_25-b30
# Java VM: OpenJDK Server VM (23.7-b01 mixed mode linux-x86 )
# Failed to write core dump. Core dumps have been disabled. To enable core dumping, try "ulimit -c unlimited" before starting Java again
#
# If you would like to submit a bug report, please include
# instructions on how to reproduce the bug and visit:
#   https://bugs.launchpad.net/ubuntu/+source/openjdk-7/
#

---------------  T H R E A D  ---------------

Current thread (0xb6508400):  JavaThread "Unknown thread" [_thread_in_vm, id=29795, stack(0xb66a1000,0xb66f2000)]

Stack: [0xb66a1000,0xb66f2000]
[error occurred during error reporting (printing stack bounds), id 0xb]


[error occurred during error reporting (printing native stack), id 0xb]


---------------  P R O C E S S  ---------------

Java Threads: ( => current thread )

Other Threads:

=>0xb6508400 (exited) JavaThread "Unknown thread" [_thread_in_vm, id=29795, stack(0xb66a1000,0xb66f2000)]

VM state:not at safepoint (not fully initialized)

VM Mutex/Monitor currently owned by a thread: None

GC Heap History (0 events):
No events

Deoptimization events (0 events):
No events

Internal exceptions (0 events):
No events

Events (10 events):
Event: 0.068 loading class 0xb6536170 done
Event: 0.068 loading class 0xb6535ab0 done
Event: 0.068 loading class 0xb6535a88
Event: 0.068 loading class 0xb6555f78
Event: 0.068 loading class 0xb6555f78 done
Event: 0.068 loading class 0xb6555fb0
Event: 0.068 loading class 0xb6555fb0 done
Event: 0.068 loading class 0xb6555fe8
Event: 0.068 loading class 0xb6555fe8 done
Event: 0.068 loading class 0xb6535a88 done


Dynamic libraries:
08048000-08049000 r-xp 00000000 08:05 1180374    /usr/lib/jvm/java-7-openjdk-i386/jre/bin/java
08049000-0804a000 r--p 00000000 08:05 1180374    /usr/lib/jvm/java-7-openjdk-i386/jre/bin/java
0804a000-0804b000 rw-p 00001000 08:05 1180374    /usr/lib/jvm/java-7-openjdk-i386/jre/bin/java
09d28000-09d49000 rw-p 00000000 00:00 0          [heap]
676c2000-676e9000 rw-p 00000000 00:00 0 
676e9000-677c0000 r--s 013fe000 08:05 6691207    /home/tiff/android-sdks/platforms/android-19/android.jar
677c0000-6a700000 rw-p 00000000 00:00 0 
6a700000-6a721000 rw-p 00000000 00:00 0 
6a721000-6a800000 ---p 00000000 00:00 0 
6a87f000-6a880000 ---p 00000000 00:00 0 
6a880000-6a900000 rw-p 00000000 00:00 0          [stack:29805]
6a900000-6a921000 rw-p 00000000 00:00 0 
6a921000-6aa00000 ---p 00000000 00:00 0 
6aa00000-6aa21000 rw-p 00000000 00:00 0 
6aa21000-6ab00000 ---p 00000000 00:00 0 
6ab7f000-6ab80000 ---p 00000000 00:00 0 
6ab80000-6ac00000 rw-p 00000000 00:00 0          [stack:29804]
6ac00000-6ac21000 rw-p 00000000 00:00 0 
6ac21000-6ad00000 ---p 00000000 00:00 0 
6ad37000-6ad38000 ---p 00000000 00:00 0 
6ad38000-6adb8000 rw-p 00000000 00:00 0          [stack:29803]
6adb8000-6adb9000 ---p 00000000 00:00 0 
6adb9000-6ae41000 rw-p 00000000 00:00 0          [stack:29802]
6ae41000-6ae79000 rw-p 00000000 00:00 0 
6ae79000-6ae8f000 rw-p 00000000 00:00 0 
6ae8f000-6afcf000 rw-p 00000000 00:00 0 
6afcf000-6afd7000 rw-p 00000000 00:00 0 
6afd7000-6b00f000 rw-p 00000000 00:00 0 
6b00f000-6b025000 rw-p 00000000 00:00 0 
6b025000-6b164000 rw-p 00000000 00:00 0 
6b164000-6b16f000 rw-p 00000000 00:00 0 
6b16f000-6b20f000 rw-p 00000000 00:00 0 
6b20f000-6c210000 rw-p 00000000 00:00 0 
6c210000-73210000 rw-p 00000000 00:00 0 
73210000-75cc0000 rw-p 00000000 00:00 0 
75cc0000-9dcc0000 rw-p 00000000 00:00 0 
9dcc0000-9f210000 rw-p 00000000 00:00 0 
9f210000-b3210000 rw-p 00000000 00:00 0 
b3219000-b3222000 rw-p 00000000 00:00 0 
b3222000-b32d9000 rw-p 00000000 00:00 0 
b32d9000-b3519000 rwxp 00000000 00:00 0 
b3519000-b62d9000 rw-p 00000000 00:00 0 
b62d9000-b62e4000 r-xp 00000000 08:05 923685     /lib/i386-linux-gnu/libnss_files-2.15.so
b62e4000-b62e5000 r--p 0000a000 08:05 923685     /lib/i386-linux-gnu/libnss_files-2.15.so
b62e5000-b62e6000 rw-p 0000b000 08:05 923685     /lib/i386-linux-gnu/libnss_files-2.15.so
b62e6000-b62fc000 r-xp 00000000 08:05 921468     /lib/i386-linux-gnu/libnsl-2.15.so
b62fc000-b62fd000 r--p 00015000 08:05 921468     /lib/i386-linux-gnu/libnsl-2.15.so
b62fd000-b62fe000 rw-p 00016000 08:05 921468     /lib/i386-linux-gnu/libnsl-2.15.so
b62fe000-b6300000 rw-p 00000000 00:00 0 
b6300000-b6500000 r--p 00000000 08:05 793729     /usr/lib/locale/locale-archive
b6500000-b6560000 rw-p 00000000 00:00 0 
b6560000-b6600000 ---p 00000000 00:00 0 
b6600000-b660a000 r-xp 00000000 08:05 923692     /lib/i386-linux-gnu/libnss_nis-2.15.so
b660a000-b660b000 r--p 00009000 08:05 923692     /lib/i386-linux-gnu/libnss_nis-2.15.so
b660b000-b660c000 rw-p 0000a000 08:05 923692     /lib/i386-linux-gnu/libnss_nis-2.15.so
b660c000-b6613000 r-xp 00000000 08:05 923688     /lib/i386-linux-gnu/libnss_compat-2.15.so
b6613000-b6614000 r--p 00006000 08:05 923688     /lib/i386-linux-gnu/libnss_compat-2.15.so
b6614000-b6615000 rw-p 00007000 08:05 923688     /lib/i386-linux-gnu/libnss_compat-2.15.so
b661d000-b6625000 r-xp 00000000 08:05 1180406    /usr/lib/jvm/java-7-openjdk-i386/jre/lib/i386/libzip.so
b6625000-b6626000 r--p 00007000 08:05 1180406    /usr/lib/jvm/java-7-openjdk-i386/jre/lib/i386/libzip.so
b6626000-b6627000 rw-p 00008000 08:05 1180406    /usr/lib/jvm/java-7-openjdk-i386/jre/lib/i386/libzip.so
b6627000-b662f000 rw-s 00000000 08:05 2237452    /tmp/hsperfdata_tiff/29793
b662f000-b666d000 r-xp 00000000 08:05 1180400    /usr/lib/jvm/java-7-openjdk-i386/jre/lib/i386/libjdwp.so
b666d000-b666e000 r--p 0003d000 08:05 1180400    /usr/lib/jvm/java-7-openjdk-i386/jre/lib/i386/libjdwp.so
b666e000-b666f000 rw-p 0003e000 08:05 1180400    /usr/lib/jvm/java-7-openjdk-i386/jre/lib/i386/libjdwp.so
b666f000-b6696000 r-xp 00000000 08:05 1180386    /usr/lib/jvm/java-7-openjdk-i386/jre/lib/i386/libjava.so
b6696000-b6697000 r--p 00026000 08:05 1180386    /usr/lib/jvm/java-7-openjdk-i386/jre/lib/i386/libjava.so
b6697000-b6698000 rw-p 00027000 08:05 1180386    /usr/lib/jvm/java-7-openjdk-i386/jre/lib/i386/libjava.so
b6698000-b669f000 r-xp 00000000 08:05 923691     /lib/i386-linux-gnu/librt-2.15.so
b669f000-b66a0000 r--p 00006000 08:05 923691     /lib/i386-linux-gnu/librt-2.15.so
b66a0000-b66a1000 rw-p 00007000 08:05 923691     /lib/i386-linux-gnu/librt-2.15.so
b66a1000-b66a4000 ---p 00000000 00:00 0 
b66a4000-b66f2000 rw-p 00000000 00:00 0          [stack:29795]
b66f2000-b670e000 r-xp 00000000 08:05 918221     /lib/i386-linux-gnu/libgcc_s.so.1
b670e000-b670f000 r--p 0001b000 08:05 918221     /lib/i386-linux-gnu/libgcc_s.so.1
b670f000-b6710000 rw-p 0001c000 08:05 918221     /lib/i386-linux-gnu/libgcc_s.so.1
b6710000-b673a000 r-xp 00000000 08:05 923687     /lib/i386-linux-gnu/libm-2.15.so
b673a000-b673b000 r--p 00029000 08:05 923687     /lib/i386-linux-gnu/libm-2.15.so
b673b000-b673c000 rw-p 0002a000 08:05 923687     /lib/i386-linux-gnu/libm-2.15.so
b673c000-b6818000 r-xp 00000000 08:05 793498     /usr/lib/i386-linux-gnu/libstdc++.so.6.0.17
b6818000-b6819000 ---p 000dc000 08:05 793498     /usr/lib/i386-linux-gnu/libstdc++.so.6.0.17
b6819000-b681d000 r--p 000dc000 08:05 793498     /usr/lib/i386-linux-gnu/libstdc++.so.6.0.17
b681d000-b681e000 rw-p 000e0000 08:05 793498     /usr/lib/i386-linux-gnu/libstdc++.so.6.0.17
b681e000-b6825000 rw-p 00000000 00:00 0 
b6825000-b7114000 r-xp 00000000 08:05 1180414    /usr/lib/jvm/java-7-openjdk-i386/jre/lib/i386/server/libjvm.so
b7114000-b715b000 r--p 008ee000 08:05 1180414    /usr/lib/jvm/java-7-openjdk-i386/jre/lib/i386/server/libjvm.so
b715b000-b716f000 rw-p 00935000 08:05 1180414    /usr/lib/jvm/java-7-openjdk-i386/jre/lib/i386/server/libjvm.so
b716f000-b758d000 rw-p 00000000 00:00 0 
b758d000-b75a4000 r-xp 00000000 08:05 918330     /lib/i386-linux-gnu/libz.so.1.2.7
b75a4000-b75a5000 r--p 00016000 08:05 918330     /lib/i386-linux-gnu/libz.so.1.2.7
b75a5000-b75a6000 rw-p 00017000 08:05 918330     /lib/i386-linux-gnu/libz.so.1.2.7
b75a6000-b75bd000 r-xp 00000000 08:05 923686     /lib/i386-linux-gnu/libpthread-2.15.so
b75bd000-b75be000 r--p 00016000 08:05 923686     /lib/i386-linux-gnu/libpthread-2.15.so
b75be000-b75bf000 rw-p 00017000 08:05 923686     /lib/i386-linux-gnu/libpthread-2.15.so
b75bf000-b75c1000 rw-p 00000000 00:00 0 
b75c1000-b75c4000 r-xp 00000000 08:05 921477     /lib/i386-linux-gnu/libdl-2.15.so
b75c4000-b75c5000 r--p 00002000 08:05 921477     /lib/i386-linux-gnu/libdl-2.15.so
b75c5000-b75c6000 rw-p 00003000 08:05 921477     /lib/i386-linux-gnu/libdl-2.15.so
b75c6000-b7769000 r-xp 00000000 08:05 921471     /lib/i386-linux-gnu/libc-2.15.so
b7769000-b776a000 ---p 001a3000 08:05 921471     /lib/i386-linux-gnu/libc-2.15.so
b776a000-b776c000 r--p 001a3000 08:05 921471     /lib/i386-linux-gnu/libc-2.15.so
b776c000-b776d000 rw-p 001a5000 08:05 921471     /lib/i386-linux-gnu/libc-2.15.so
b776d000-b7770000 rw-p 00000000 00:00 0 
b7772000-b7773000 r--p 005e0000 08:05 793729     /usr/lib/locale/locale-archive
b7773000-b7776000 r-xp 00000000 08:05 1180402    /usr/lib/jvm/java-7-openjdk-i386/jre/lib/i386/libnpt.so
b7776000-b7777000 r--p 00002000 08:05 1180402    /usr/lib/jvm/java-7-openjdk-i386/jre/lib/i386/libnpt.so
b7777000-b7778000 rw-p 00003000 08:05 1180402    /usr/lib/jvm/java-7-openjdk-i386/jre/lib/i386/libnpt.so
b7778000-b7779000 rw-p 00000000 00:00 0 
b7779000-b777a000 r--p 00000000 00:00 0 
b777a000-b7787000 r-xp 00000000 08:05 1180405    /usr/lib/jvm/java-7-openjdk-i386/jre/lib/i386/libverify.so
b7787000-b7788000 ---p 0000d000 08:05 1180405    /usr/lib/jvm/java-7-openjdk-i386/jre/lib/i386/libverify.so
b7788000-b7789000 r--p 0000d000 08:05 1180405    /usr/lib/jvm/java-7-openjdk-i386/jre/lib/i386/libverify.so
b7789000-b778a000 rw-p 0000e000 08:05 1180405    /usr/lib/jvm/java-7-openjdk-i386/jre/lib/i386/libverify.so
b778a000-b7797000 r-xp 00000000 08:05 1180388    /usr/lib/jvm/java-7-openjdk-i386/jre/lib/i386/jli/libjli.so
b7797000-b7798000 r--p 0000c000 08:05 1180388    /usr/lib/jvm/java-7-openjdk-i386/jre/lib/i386/jli/libjli.so
b7798000-b7799000 rw-p 0000d000 08:05 1180388    /usr/lib/jvm/java-7-openjdk-i386/jre/lib/i386/jli/libjli.so
b7799000-b779c000 rw-p 00000000 00:00 0 
b779c000-b779d000 r-xp 00000000 00:00 0          [vdso]
b779d000-b77bd000 r-xp 00000000 08:05 923690     /lib/i386-linux-gnu/ld-2.15.so
b77bd000-b77be000 r--p 0001f000 08:05 923690     /lib/i386-linux-gnu/ld-2.15.so
b77be000-b77bf000 rw-p 00020000 08:05 923690     /lib/i386-linux-gnu/ld-2.15.so
bf927000-bf948000 rw-p 00000000 00:00 0          [stack]

VM Arguments:
jvm_args: -agentlib:jdwp=transport=dt_socket,suspend=y,address=localhost:58590 -Dfile.encoding=UTF-8 -Xbootclasspath:/home/tiff/android-sdks/platforms/android-19/android.jar 
java_command: org.eclipse.jdt.internal.junit.runner.RemoteTestRunner -version 3 -port 45222 -testLoaderClass org.eclipse.jdt.internal.junit4.runner.JUnit4TestLoader -loaderpluginname org.eclipse.jdt.junit4.runtime -classNames android.cs2340.Model.TiffsAccountTest
Launcher Type: SUN_STANDARD

Environment Variables:
PATH=/usr/local/sbin:/usr/local/bin:/usr/sbin:/usr/bin:/sbin:/bin:/usr/games:/usr/local/games:/home/tiff/.rvm/bin
USERNAME=tiff
LD_LIBRARY_PATH=/usr/lib/jvm/java-7-openjdk-i386/jre/lib/i386/server:/usr/lib/jvm/java-7-openjdk-i386/jre/lib/i386:/usr/lib/jvm/java-7-openjdk-i386/jre/../lib/i386:/usr/lib/jvm/java-7-openjdk-i386/jre/lib/i386/client:/usr/lib/jvm/java-7-openjdk-i386/jre/lib/i386:
SHELL=/bin/bash
DISPLAY=:0.0

Signal Handlers:
SIGSEGV: [libjvm.so+0x7564a0], sa_mask[0]=0x7ffbfeff, sa_flags=0x10000004
SIGBUS: [libjvm.so+0x7564a0], sa_mask[0]=0x7ffbfeff, sa_flags=0x10000004
SIGFPE: [libjvm.so+0x5f2c10], sa_mask[0]=0x7ffbfeff, sa_flags=0x10000004
SIGPIPE: [libjvm.so+0x5f2c10], sa_mask[0]=0x7ffbfeff, sa_flags=0x10000004
SIGXFSZ: [libjvm.so+0x5f2c10], sa_mask[0]=0x7ffbfeff, sa_flags=0x10000004
SIGILL: [libjvm.so+0x5f2c10], sa_mask[0]=0x7ffbfeff, sa_flags=0x10000004
SIGUSR1: SIG_DFL, sa_mask[0]=0x00000000, sa_flags=0x00000000
SIGUSR2: [libjvm.so+0x5f2ac0], sa_mask[0]=0x00000004, sa_flags=0x10000004
SIGHUP: SIG_DFL, sa_mask[0]=0x00000000, sa_flags=0x00000000
SIGINT: SIG_DFL, sa_mask[0]=0x00000000, sa_flags=0x00000000
SIGTERM: SIG_DFL, sa_mask[0]=0x00000000, sa_flags=0x00000000
SIGQUIT: SIG_DFL, sa_mask[0]=0x00000000, sa_flags=0x00000000


---------------  S Y S T E M  ---------------

OS:LinuxMint 14 (nadia)
uname:Linux 3.5.0-17-generic #28-Ubuntu SMP Tue Oct 9 19:32:08 UTC 2012 i686
libc:glibc 2.15 NPTL 2.15 
rlimit: STACK 8192k, CORE 0k, NPROC 47498, NOFILE 4096, AS infinity
load average:0.65 0.52 0.42

/proc/meminfo:
MemTotal:        6102808 kB
MemFree:         2021936 kB
Buffers:          343240 kB
Cached:          2031940 kB
SwapCached:            0 kB
Active:          2307668 kB
Inactive:        1503936 kB
Active(anon):    1291264 kB
Inactive(anon):   270744 kB
Active(file):    1016404 kB
Inactive(file):  1233192 kB
Unevictable:           0 kB
Mlocked:               0 kB
HighTotal:       5272128 kB
HighFree:        1778676 kB
LowTotal:         830680 kB
LowFree:          243260 kB
SwapTotal:       9233284 kB
SwapFree:        9233148 kB
Dirty:               132 kB
Writeback:             0 kB
AnonPages:       1437196 kB
Mapped:           229468 kB
Shmem:            125328 kB
Slab:             218624 kB
SReclaimable:     195196 kB
SUnreclaim:        23428 kB
KernelStack:        4024 kB
PageTables:        12596 kB
NFS_Unstable:          0 kB
Bounce:                0 kB
WritebackTmp:          0 kB
CommitLimit:    12284688 kB
Committed_AS:    4828408 kB
VmallocTotal:     122880 kB
VmallocUsed:       26152 kB
VmallocChunk:      94132 kB
HardwareCorrupted:     0 kB
AnonHugePages:         0 kB
HugePages_Total:       0
HugePages_Free:        0
HugePages_Rsvd:        0
HugePages_Surp:        0
Hugepagesize:       2048 kB
DirectMap4k:       10232 kB
DirectMap2M:      903168 kB


CPU:total 4 (2 cores per cpu, 2 threads per core) family 6 model 58 stepping 9, cmov, cx8, fxsr, mmx, sse, sse2, sse3, ssse3, sse4.1, sse4.2, popcnt, avx, ht, tsc, tscinvbit, tscinv

/proc/cpuinfo:
processor	: 0
vendor_id	: GenuineIntel
cpu family	: 6
model		: 58
model name	: Intel(R) Core(TM) i5-3210M CPU @ 2.50GHz
stepping	: 9
microcode	: 0x12
cpu MHz		: 1200.000
cache size	: 3072 KB
physical id	: 0
siblings	: 4
core id		: 0
cpu cores	: 2
apicid		: 0
initial apicid	: 0
fdiv_bug	: no
hlt_bug		: no
f00f_bug	: no
coma_bug	: no
fpu		: yes
fpu_exception	: yes
cpuid level	: 13
wp		: yes
flags		: fpu vme de pse tsc msr pae mce cx8 apic sep mtrr pge mca cmov pat pse36 clflush dts acpi mmx fxsr sse sse2 ss ht tm pbe nx rdtscp lm constant_tsc arch_perfmon pebs bts xtopology nonstop_tsc aperfmperf pni pclmulqdq dtes64 monitor ds_cpl vmx est tm2 ssse3 cx16 xtpr pdcm pcid sse4_1 sse4_2 x2apic popcnt tsc_deadline_timer aes xsave avx f16c rdrand lahf_lm ida arat epb xsaveopt pln pts dtherm tpr_shadow vnmi flexpriority ept vpid fsgsbase smep erms
bogomips	: 4989.18
clflush size	: 64
cache_alignment	: 64
address sizes	: 36 bits physical, 48 bits virtual
power management:

processor	: 1
vendor_id	: GenuineIntel
cpu family	: 6
model		: 58
model name	: Intel(R) Core(TM) i5-3210M CPU @ 2.50GHz
stepping	: 9
microcode	: 0x12
cpu MHz		: 2501.000
cache size	: 3072 KB
physical id	: 0
siblings	: 4
core id		: 0
cpu cores	: 2
apicid		: 1
initial apicid	: 1
fdiv_bug	: no
hlt_bug		: no
f00f_bug	: no
coma_bug	: no
fpu		: yes
fpu_exception	: yes
cpuid level	: 13
wp		: yes
flags		: fpu vme de pse tsc msr pae mce cx8 apic sep mtrr pge mca cmov pat pse36 clflush dts acpi mmx fxsr sse sse2 ss ht tm pbe nx rdtscp lm constant_tsc arch_perfmon pebs bts xtopology nonstop_tsc aperfmperf pni pclmulqdq dtes64 monitor ds_cpl vmx est tm2 ssse3 cx16 xtpr pdcm pcid sse4_1 sse4_2 x2apic popcnt tsc_deadline_timer aes xsave avx f16c rdrand lahf_lm ida arat epb xsaveopt pln pts dtherm tpr_shadow vnmi flexpriority ept vpid fsgsbase smep erms
bogomips	: 4989.18
clflush size	: 64
cache_alignment	: 64
address sizes	: 36 bits physical, 48 bits virtual
power management:

processor	: 2
vendor_id	: GenuineIntel
cpu family	: 6
model		: 58
model name	: Intel(R) Core(TM) i5-3210M CPU @ 2.50GHz
stepping	: 9
microcode	: 0x12
cpu MHz		: 1200.000
cache size	: 3072 KB
physical id	: 0
siblings	: 4
core id		: 1
cpu cores	: 2
apicid		: 2
initial apicid	: 2
fdiv_bug	: no
hlt_bug		: no
f00f_bug	: no
coma_bug	: no
fpu		: yes
fpu_exception	: yes
cpuid level	: 13
wp		: yes
flags		: fpu vme de pse tsc msr pae mce cx8 apic sep mtrr pge mca cmov pat pse36 clflush dts acpi mmx fxsr sse sse2 ss ht tm pbe nx rdtscp lm constant_tsc arch_perfmon pebs bts xtopology nonstop_tsc aperfmperf pni pclmulqdq dtes64 monitor ds_cpl vmx est tm2 ssse3 cx16 xtpr pdcm pcid sse4_1 sse4_2 x2apic popcnt tsc_deadline_timer aes xsave avx f16c rdrand lahf_lm ida arat epb xsaveopt pln pts dtherm tpr_shadow vnmi flexpriority ept vpid fsgsbase smep erms
bogomips	: 4989.18
clflush size	: 64
cache_alignment	: 64
address sizes	: 36 bits physical, 48 bits virtual
power management:

processor	: 3
vendor_id	: GenuineIntel
cpu family	: 6
model		: 58
model name	: Intel(R) Core(TM) i5-3210M CPU @ 2.50GHz
stepping	: 9
microcode	: 0x12
cpu MHz		: 2501.000
cache size	: 3072 KB
physical id	: 0
siblings	: 4
core id		: 1
cpu cores	: 2
apicid		: 3
initial apicid	: 3
fdiv_bug	: no
hlt_bug		: no
f00f_bug	: no
coma_bug	: no
fpu		: yes
fpu_exception	: yes
cpuid level	: 13
wp		: yes
flags		: fpu vme de pse tsc msr pae mce cx8 apic sep mtrr pge mca cmov pat pse36 clflush dts acpi mmx fxsr sse sse2 ss ht tm pbe nx rdtscp lm constant_tsc arch_perfmon pebs bts xtopology nonstop_tsc aperfmperf pni pclmulqdq dtes64 monitor ds_cpl vmx est tm2 ssse3 cx16 xtpr pdcm pcid sse4_1 sse4_2 x2apic popcnt tsc_deadline_timer aes xsave avx f16c rdrand lahf_lm ida arat epb xsaveopt pln pts dtherm tpr_shadow vnmi flexpriority ept vpid fsgsbase smep erms
bogomips	: 4989.18
clflush size	: 64
cache_alignment	: 64
address sizes	: 36 bits physical, 48 bits virtual
power management:



Memory: 4k page, physical 6102808k(2021936k free), swap 9233284k(9233148k free)

vm_info: OpenJDK Server VM (23.7-b01) for linux-x86 JRE (1.7.0_25-b30), built on Jul  3 2013 13:57:54 by "buildd" with gcc 4.7.2

time: Wed Apr  9 12:46:41 2014
elapsed time: 0 seconds

