#
# A fatal error has been detected by the Java Runtime Environment:
#
#  Internal Error (javaClasses.cpp:129), pid=7234, tid=3060628288
#  fatal error: Invalid layout of preloaded class
#
# JRE version: 7.0_25-b30
# Java VM: OpenJDK Server VM (23.7-b01 mixed mode linux-x86 )
# Failed to write core dump. Core dumps have been disabled. To enable core dumping, try "ulimit -c unlimited" before starting Java again
#
# If you would like to submit a bug report, please include
# instructions on how to reproduce the bug and visit:
#   https://bugs.launchpad.net/ubuntu/+source/openjdk-7/
#

---------------  T H R E A D  ---------------

Current thread (0xb6506c00):  JavaThread "Unknown thread" [_thread_in_vm, id=7240, stack(0xb6687000,0xb66d8000)]

Stack: [0xb6687000,0xb66d8000]
[error occurred during error reporting (printing stack bounds), id 0xb]


[error occurred during error reporting (printing native stack), id 0xb]


---------------  P R O C E S S  ---------------

Java Threads: ( => current thread )

Other Threads:

=>0xb6506c00 (exited) JavaThread "Unknown thread" [_thread_in_vm, id=7240, stack(0xb6687000,0xb66d8000)]

VM state:not at safepoint (not fully initialized)

VM Mutex/Monitor currently owned by a thread: None

GC Heap History (0 events):
No events

Deoptimization events (0 events):
No events

Internal exceptions (0 events):
No events

Events (10 events):
Event: 0.007 loading class 0xb65349c0 done
Event: 0.007 loading class 0xb6534300 done
Event: 0.007 loading class 0xb65342d8
Event: 0.007 loading class 0xb65547c8
Event: 0.007 loading class 0xb65547c8 done
Event: 0.007 loading class 0xb6554800
Event: 0.007 loading class 0xb6554800 done
Event: 0.007 loading class 0xb6554838
Event: 0.007 loading class 0xb6554838 done
Event: 0.007 loading class 0xb65342d8 done


Dynamic libraries:
08048000-08049000 r-xp 00000000 08:05 1180374    /usr/lib/jvm/java-7-openjdk-i386/jre/bin/java
08049000-0804a000 r--p 00000000 08:05 1180374    /usr/lib/jvm/java-7-openjdk-i386/jre/bin/java
0804a000-0804b000 rw-p 00001000 08:05 1180374    /usr/lib/jvm/java-7-openjdk-i386/jre/bin/java
0955b000-0957c000 rw-p 00000000 00:00 0          [heap]
678c2000-678e9000 rw-p 00000000 00:00 0 
678e9000-679c0000 r--s 013fe000 08:05 6691207    /home/tiff/android-sdks/platforms/android-19/android.jar
679c0000-6a900000 rw-p 00000000 00:00 0 
6a900000-6a921000 rw-p 00000000 00:00 0 
6a921000-6aa00000 ---p 00000000 00:00 0 
6aa7f000-6aa80000 ---p 00000000 00:00 0 
6aa80000-6ab00000 rw-p 00000000 00:00 0          [stack:7244]
6ab00000-6ab21000 rw-p 00000000 00:00 0 
6ab21000-6ac00000 ---p 00000000 00:00 0 
6ac00000-6ac21000 rw-p 00000000 00:00 0 
6ac21000-6ad00000 ---p 00000000 00:00 0 
6ad7f000-6ad80000 ---p 00000000 00:00 0 
6ad80000-6ae00000 rw-p 00000000 00:00 0          [stack:7243]
6ae00000-6ae21000 rw-p 00000000 00:00 0 
6ae21000-6af00000 ---p 00000000 00:00 0 
6af57000-6af58000 ---p 00000000 00:00 0 
6af58000-6afd8000 rw-p 00000000 00:00 0          [stack:7242]
6afd8000-6afd9000 ---p 00000000 00:00 0 
6afd9000-6b061000 rw-p 00000000 00:00 0          [stack:7241]
6b061000-6b099000 rw-p 00000000 00:00 0 
6b099000-6b0af000 rw-p 00000000 00:00 0 
6b0af000-6b1ef000 rw-p 00000000 00:00 0 
6b1ef000-6b1f7000 rw-p 00000000 00:00 0 
6b1f7000-6b22f000 rw-p 00000000 00:00 0 
6b22f000-6b245000 rw-p 00000000 00:00 0 
6b245000-6b384000 rw-p 00000000 00:00 0 
6b384000-6b38f000 rw-p 00000000 00:00 0 
6b38f000-6b42f000 rw-p 00000000 00:00 0 
6b42f000-6c430000 rw-p 00000000 00:00 0 
6c430000-73430000 rw-p 00000000 00:00 0 
73430000-75ee0000 rw-p 00000000 00:00 0 
75ee0000-9dee0000 rw-p 00000000 00:00 0 
9dee0000-9f430000 rw-p 00000000 00:00 0 
9f430000-b3430000 rw-p 00000000 00:00 0 
b3433000-b343c000 rw-p 00000000 00:00 0 
b343c000-b34f3000 rw-p 00000000 00:00 0 
b34f3000-b3733000 rwxp 00000000 00:00 0 
b3733000-b64f3000 rw-p 00000000 00:00 0 
b64f3000-b64fe000 r-xp 00000000 08:05 923685     /lib/i386-linux-gnu/libnss_files-2.15.so
b64fe000-b64ff000 r--p 0000a000 08:05 923685     /lib/i386-linux-gnu/libnss_files-2.15.so
b64ff000-b6500000 rw-p 0000b000 08:05 923685     /lib/i386-linux-gnu/libnss_files-2.15.so
b6500000-b655f000 rw-p 00000000 00:00 0 
b655f000-b6600000 ---p 00000000 00:00 0 
b660c000-b6616000 r-xp 00000000 08:05 923692     /lib/i386-linux-gnu/libnss_nis-2.15.so
b6616000-b6617000 r--p 00009000 08:05 923692     /lib/i386-linux-gnu/libnss_nis-2.15.so
b6617000-b6618000 rw-p 0000a000 08:05 923692     /lib/i386-linux-gnu/libnss_nis-2.15.so
b6618000-b662e000 r-xp 00000000 08:05 921468     /lib/i386-linux-gnu/libnsl-2.15.so
b662e000-b662f000 r--p 00015000 08:05 921468     /lib/i386-linux-gnu/libnsl-2.15.so
b662f000-b6630000 rw-p 00016000 08:05 921468     /lib/i386-linux-gnu/libnsl-2.15.so
b6630000-b6632000 rw-p 00000000 00:00 0 
b6632000-b6639000 r-xp 00000000 08:05 923688     /lib/i386-linux-gnu/libnss_compat-2.15.so
b6639000-b663a000 r--p 00006000 08:05 923688     /lib/i386-linux-gnu/libnss_compat-2.15.so
b663a000-b663b000 rw-p 00007000 08:05 923688     /lib/i386-linux-gnu/libnss_compat-2.15.so
b664b000-b6653000 r-xp 00000000 08:05 1180406    /usr/lib/jvm/java-7-openjdk-i386/jre/lib/i386/libzip.so
b6653000-b6654000 r--p 00007000 08:05 1180406    /usr/lib/jvm/java-7-openjdk-i386/jre/lib/i386/libzip.so
b6654000-b6655000 rw-p 00008000 08:05 1180406    /usr/lib/jvm/java-7-openjdk-i386/jre/lib/i386/libzip.so
b6655000-b667c000 r-xp 00000000 08:05 1180386    /usr/lib/jvm/java-7-openjdk-i386/jre/lib/i386/libjava.so
b667c000-b667d000 r--p 00026000 08:05 1180386    /usr/lib/jvm/java-7-openjdk-i386/jre/lib/i386/libjava.so
b667d000-b667e000 rw-p 00027000 08:05 1180386    /usr/lib/jvm/java-7-openjdk-i386/jre/lib/i386/libjava.so
b667e000-b6685000 r-xp 00000000 08:05 923691     /lib/i386-linux-gnu/librt-2.15.so
b6685000-b6686000 r--p 00006000 08:05 923691     /lib/i386-linux-gnu/librt-2.15.so
b6686000-b6687000 rw-p 00007000 08:05 923691     /lib/i386-linux-gnu/librt-2.15.so
b6687000-b668a000 ---p 00000000 00:00 0 
b668a000-b66d8000 rw-p 00000000 00:00 0          [stack:7240]
b66d8000-b66f4000 r-xp 00000000 08:05 918221     /lib/i386-linux-gnu/libgcc_s.so.1
b66f4000-b66f5000 r--p 0001b000 08:05 918221     /lib/i386-linux-gnu/libgcc_s.so.1
b66f5000-b66f6000 rw-p 0001c000 08:05 918221     /lib/i386-linux-gnu/libgcc_s.so.1
b66f6000-b6720000 r-xp 00000000 08:05 923687     /lib/i386-linux-gnu/libm-2.15.so
b6720000-b6721000 r--p 00029000 08:05 923687     /lib/i386-linux-gnu/libm-2.15.so
b6721000-b6722000 rw-p 0002a000 08:05 923687     /lib/i386-linux-gnu/libm-2.15.so
b6722000-b67fe000 r-xp 00000000 08:05 793498     /usr/lib/i386-linux-gnu/libstdc++.so.6.0.17
b67fe000-b67ff000 ---p 000dc000 08:05 793498     /usr/lib/i386-linux-gnu/libstdc++.so.6.0.17
b67ff000-b6803000 r--p 000dc000 08:05 793498     /usr/lib/i386-linux-gnu/libstdc++.so.6.0.17
b6803000-b6804000 rw-p 000e0000 08:05 793498     /usr/lib/i386-linux-gnu/libstdc++.so.6.0.17
b6804000-b680b000 rw-p 00000000 00:00 0 
b680b000-b70fa000 r-xp 00000000 08:05 1180414    /usr/lib/jvm/java-7-openjdk-i386/jre/lib/i386/server/libjvm.so
b70fa000-b7141000 r--p 008ee000 08:05 1180414    /usr/lib/jvm/java-7-openjdk-i386/jre/lib/i386/server/libjvm.so
b7141000-b7155000 rw-p 00935000 08:05 1180414    /usr/lib/jvm/java-7-openjdk-i386/jre/lib/i386/server/libjvm.so
b7155000-b7573000 rw-p 00000000 00:00 0 
b7573000-b758a000 r-xp 00000000 08:05 918330     /lib/i386-linux-gnu/libz.so.1.2.7
b758a000-b758b000 r--p 00016000 08:05 918330     /lib/i386-linux-gnu/libz.so.1.2.7
b758b000-b758c000 rw-p 00017000 08:05 918330     /lib/i386-linux-gnu/libz.so.1.2.7
b758c000-b75a3000 r-xp 00000000 08:05 923686     /lib/i386-linux-gnu/libpthread-2.15.so
b75a3000-b75a4000 r--p 00016000 08:05 923686     /lib/i386-linux-gnu/libpthread-2.15.so
b75a4000-b75a5000 rw-p 00017000 08:05 923686     /lib/i386-linux-gnu/libpthread-2.15.so
b75a5000-b75a7000 rw-p 00000000 00:00 0 
b75a7000-b75aa000 r-xp 00000000 08:05 921477     /lib/i386-linux-gnu/libdl-2.15.so
b75aa000-b75ab000 r--p 00002000 08:05 921477     /lib/i386-linux-gnu/libdl-2.15.so
b75ab000-b75ac000 rw-p 00003000 08:05 921477     /lib/i386-linux-gnu/libdl-2.15.so
b75ac000-b774f000 r-xp 00000000 08:05 921471     /lib/i386-linux-gnu/libc-2.15.so
b774f000-b7750000 ---p 001a3000 08:05 921471     /lib/i386-linux-gnu/libc-2.15.so
b7750000-b7752000 r--p 001a3000 08:05 921471     /lib/i386-linux-gnu/libc-2.15.so
b7752000-b7753000 rw-p 001a5000 08:05 921471     /lib/i386-linux-gnu/libc-2.15.so
b7753000-b7756000 rw-p 00000000 00:00 0 
b7756000-b775e000 rw-s 00000000 08:05 2237441    /tmp/hsperfdata_tiff/7234
b775e000-b775f000 rw-p 00000000 00:00 0 
b775f000-b7760000 r--p 00000000 00:00 0 
b7760000-b776d000 r-xp 00000000 08:05 1180405    /usr/lib/jvm/java-7-openjdk-i386/jre/lib/i386/libverify.so
b776d000-b776e000 ---p 0000d000 08:05 1180405    /usr/lib/jvm/java-7-openjdk-i386/jre/lib/i386/libverify.so
b776e000-b776f000 r--p 0000d000 08:05 1180405    /usr/lib/jvm/java-7-openjdk-i386/jre/lib/i386/libverify.so
b776f000-b7770000 rw-p 0000e000 08:05 1180405    /usr/lib/jvm/java-7-openjdk-i386/jre/lib/i386/libverify.so
b7770000-b777d000 r-xp 00000000 08:05 1180388    /usr/lib/jvm/java-7-openjdk-i386/jre/lib/i386/jli/libjli.so
b777d000-b777e000 r--p 0000c000 08:05 1180388    /usr/lib/jvm/java-7-openjdk-i386/jre/lib/i386/jli/libjli.so
b777e000-b777f000 rw-p 0000d000 08:05 1180388    /usr/lib/jvm/java-7-openjdk-i386/jre/lib/i386/jli/libjli.so
b777f000-b7782000 rw-p 00000000 00:00 0 
b7782000-b7783000 r-xp 00000000 00:00 0          [vdso]
b7783000-b77a3000 r-xp 00000000 08:05 923690     /lib/i386-linux-gnu/ld-2.15.so
b77a3000-b77a4000 r--p 0001f000 08:05 923690     /lib/i386-linux-gnu/ld-2.15.so
b77a4000-b77a5000 rw-p 00020000 08:05 923690     /lib/i386-linux-gnu/ld-2.15.so
bfc97000-bfcb8000 rw-p 00000000 00:00 0          [stack]

VM Arguments:
jvm_args: -Dfile.encoding=UTF-8 -Xbootclasspath:/home/tiff/android-sdks/platforms/android-19/android.jar 
java_command: org.eclipse.jdt.internal.junit.runner.RemoteTestRunner -version 3 -port 47688 -testLoaderClass org.eclipse.jdt.internal.junit4.runner.JUnit4TestLoader -loaderpluginname org.eclipse.jdt.junit4.runtime -classNames android.cs2340.Model.DanielsUserTest
Launcher Type: SUN_STANDARD

Environment Variables:
PATH=/usr/local/sbin:/usr/local/bin:/usr/sbin:/usr/bin:/sbin:/bin:/usr/games:/usr/local/games:/home/tiff/.rvm/bin
USERNAME=tiff
LD_LIBRARY_PATH=/usr/lib/jvm/java-7-openjdk-i386/jre/lib/i386/server:/usr/lib/jvm/java-7-openjdk-i386/jre/lib/i386:/usr/lib/jvm/java-7-openjdk-i386/jre/../lib/i386:/usr/lib/jvm/java-7-openjdk-i386/jre/lib/i386/client:/usr/lib/jvm/java-7-openjdk-i386/jre/lib/i386:
SHELL=/bin/bash
DISPLAY=:0.0

Signal Handlers:
SIGSEGV: [libjvm.so+0x7564a0], sa_mask[0]=0x7ffbfeff, sa_flags=0x10000004
SIGBUS: [libjvm.so+0x7564a0], sa_mask[0]=0x7ffbfeff, sa_flags=0x10000004
SIGFPE: [libjvm.so+0x5f2c10], sa_mask[0]=0x7ffbfeff, sa_flags=0x10000004
SIGPIPE: [libjvm.so+0x5f2c10], sa_mask[0]=0x7ffbfeff, sa_flags=0x10000004
SIGXFSZ: [libjvm.so+0x5f2c10], sa_mask[0]=0x7ffbfeff, sa_flags=0x10000004
SIGILL: [libjvm.so+0x5f2c10], sa_mask[0]=0x7ffbfeff, sa_flags=0x10000004
SIGUSR1: SIG_DFL, sa_mask[0]=0x00000000, sa_flags=0x00000000
SIGUSR2: [libjvm.so+0x5f2ac0], sa_mask[0]=0x00000004, sa_flags=0x10000004
SIGHUP: SIG_DFL, sa_mask[0]=0x00000000, sa_flags=0x00000000
SIGINT: SIG_DFL, sa_mask[0]=0x00000000, sa_flags=0x00000000
SIGTERM: SIG_DFL, sa_mask[0]=0x00000000, sa_flags=0x00000000
SIGQUIT: SIG_DFL, sa_mask[0]=0x00000000, sa_flags=0x00000000


---------------  S Y S T E M  ---------------

OS:LinuxMint 14 (nadia)
uname:Linux 3.5.0-17-generic #28-Ubuntu SMP Tue Oct 9 19:32:08 UTC 2012 i686
libc:glibc 2.15 NPTL 2.15 
rlimit: STACK 8192k, CORE 0k, NPROC 47498, NOFILE 4096, AS infinity
load average:0.07 0.18 0.29

/proc/meminfo:
MemTotal:        6102808 kB
MemFree:         3090672 kB
Buffers:          316272 kB
Cached:          1382664 kB
SwapCached:            0 kB
Active:          1698132 kB
Inactive:        1063968 kB
Active(anon):     916984 kB
Inactive(anon):   227568 kB
Active(file):     781148 kB
Inactive(file):   836400 kB
Unevictable:           0 kB
Mlocked:               0 kB
HighTotal:       5272128 kB
HighFree:        2802612 kB
LowTotal:         830680 kB
LowFree:          288060 kB
SwapTotal:       9233284 kB
SwapFree:        9233148 kB
Dirty:               480 kB
Writeback:             0 kB
AnonPages:       1063368 kB
Mapped:           181104 kB
Shmem:             81132 kB
Slab:             201348 kB
SReclaimable:     179088 kB
SUnreclaim:        22260 kB
KernelStack:        3728 kB
PageTables:        10356 kB
NFS_Unstable:          0 kB
Bounce:                0 kB
WritebackTmp:          0 kB
CommitLimit:    12284688 kB
Committed_AS:    3978020 kB
VmallocTotal:     122880 kB
VmallocUsed:       25704 kB
VmallocChunk:      94068 kB
HardwareCorrupted:     0 kB
AnonHugePages:         0 kB
HugePages_Total:       0
HugePages_Free:        0
HugePages_Rsvd:        0
HugePages_Surp:        0
Hugepagesize:       2048 kB
DirectMap4k:       10232 kB
DirectMap2M:      903168 kB


CPU:total 4 (2 cores per cpu, 2 threads per core) family 6 model 58 stepping 9, cmov, cx8, fxsr, mmx, sse, sse2, sse3, ssse3, sse4.1, sse4.2, popcnt, avx, ht, tsc, tscinvbit, tscinv

/proc/cpuinfo:
processor	: 0
vendor_id	: GenuineIntel
cpu family	: 6
model		: 58
model name	: Intel(R) Core(TM) i5-3210M CPU @ 2.50GHz
stepping	: 9
microcode	: 0x12
cpu MHz		: 2501.000
cache size	: 3072 KB
physical id	: 0
siblings	: 4
core id		: 0
cpu cores	: 2
apicid		: 0
initial apicid	: 0
fdiv_bug	: no
hlt_bug		: no
f00f_bug	: no
coma_bug	: no
fpu		: yes
fpu_exception	: yes
cpuid level	: 13
wp		: yes
flags		: fpu vme de pse tsc msr pae mce cx8 apic sep mtrr pge mca cmov pat pse36 clflush dts acpi mmx fxsr sse sse2 ss ht tm pbe nx rdtscp lm constant_tsc arch_perfmon pebs bts xtopology nonstop_tsc aperfmperf pni pclmulqdq dtes64 monitor ds_cpl vmx est tm2 ssse3 cx16 xtpr pdcm pcid sse4_1 sse4_2 x2apic popcnt tsc_deadline_timer aes xsave avx f16c rdrand lahf_lm ida arat epb xsaveopt pln pts dtherm tpr_shadow vnmi flexpriority ept vpid fsgsbase smep erms
bogomips	: 4989.18
clflush size	: 64
cache_alignment	: 64
address sizes	: 36 bits physical, 48 bits virtual
power management:

processor	: 1
vendor_id	: GenuineIntel
cpu family	: 6
model		: 58
model name	: Intel(R) Core(TM) i5-3210M CPU @ 2.50GHz
stepping	: 9
microcode	: 0x12
cpu MHz		: 2400.000
cache size	: 3072 KB
physical id	: 0
siblings	: 4
core id		: 0
cpu cores	: 2
apicid		: 1
initial apicid	: 1
fdiv_bug	: no
hlt_bug		: no
f00f_bug	: no
coma_bug	: no
fpu		: yes
fpu_exception	: yes
cpuid level	: 13
wp		: yes
flags		: fpu vme de pse tsc msr pae mce cx8 apic sep mtrr pge mca cmov pat pse36 clflush dts acpi mmx fxsr sse sse2 ss ht tm pbe nx rdtscp lm constant_tsc arch_perfmon pebs bts xtopology nonstop_tsc aperfmperf pni pclmulqdq dtes64 monitor ds_cpl vmx est tm2 ssse3 cx16 xtpr pdcm pcid sse4_1 sse4_2 x2apic popcnt tsc_deadline_timer aes xsave avx f16c rdrand lahf_lm ida arat epb xsaveopt pln pts dtherm tpr_shadow vnmi flexpriority ept vpid fsgsbase smep erms
bogomips	: 4989.18
clflush size	: 64
cache_alignment	: 64
address sizes	: 36 bits physical, 48 bits virtual
power management:

processor	: 2
vendor_id	: GenuineIntel
cpu family	: 6
model		: 58
model name	: Intel(R) Core(TM) i5-3210M CPU @ 2.50GHz
stepping	: 9
microcode	: 0x12
cpu MHz		: 1600.000
cache size	: 3072 KB
physical id	: 0
siblings	: 4
core id		: 1
cpu cores	: 2
apicid		: 2
initial apicid	: 2
fdiv_bug	: no
hlt_bug		: no
f00f_bug	: no
coma_bug	: no
fpu		: yes
fpu_exception	: yes
cpuid level	: 13
wp		: yes
flags		: fpu vme de pse tsc msr pae mce cx8 apic sep mtrr pge mca cmov pat pse36 clflush dts acpi mmx fxsr sse sse2 ss ht tm pbe nx rdtscp lm constant_tsc arch_perfmon pebs bts xtopology nonstop_tsc aperfmperf pni pclmulqdq dtes64 monitor ds_cpl vmx est tm2 ssse3 cx16 xtpr pdcm pcid sse4_1 sse4_2 x2apic popcnt tsc_deadline_timer aes xsave avx f16c rdrand lahf_lm ida arat epb xsaveopt pln pts dtherm tpr_shadow vnmi flexpriority ept vpid fsgsbase smep erms
bogomips	: 4989.18
clflush size	: 64
cache_alignment	: 64
address sizes	: 36 bits physical, 48 bits virtual
power management:

processor	: 3
vendor_id	: GenuineIntel
cpu family	: 6
model		: 58
model name	: Intel(R) Core(TM) i5-3210M CPU @ 2.50GHz
stepping	: 9
microcode	: 0x12
cpu MHz		: 2501.000
cache size	: 3072 KB
physical id	: 0
siblings	: 4
core id		: 1
cpu cores	: 2
apicid		: 3
initial apicid	: 3
fdiv_bug	: no
hlt_bug		: no
f00f_bug	: no
coma_bug	: no
fpu		: yes
fpu_exception	: yes
cpuid level	: 13
wp		: yes
flags		: fpu vme de pse tsc msr pae mce cx8 apic sep mtrr pge mca cmov pat pse36 clflush dts acpi mmx fxsr sse sse2 ss ht tm pbe nx rdtscp lm constant_tsc arch_perfmon pebs bts xtopology nonstop_tsc aperfmperf pni pclmulqdq dtes64 monitor ds_cpl vmx est tm2 ssse3 cx16 xtpr pdcm pcid sse4_1 sse4_2 x2apic popcnt tsc_deadline_timer aes xsave avx f16c rdrand lahf_lm ida arat epb xsaveopt pln pts dtherm tpr_shadow vnmi flexpriority ept vpid fsgsbase smep erms
bogomips	: 4989.18
clflush size	: 64
cache_alignment	: 64
address sizes	: 36 bits physical, 48 bits virtual
power management:



Memory: 4k page, physical 6102808k(3090672k free), swap 9233284k(9233148k free)

vm_info: OpenJDK Server VM (23.7-b01) for linux-x86 JRE (1.7.0_25-b30), built on Jul  3 2013 13:57:54 by "buildd" with gcc 4.7.2

time: Wed Apr  9 03:15:07 2014
elapsed time: 0 seconds

