#
# A fatal error has been detected by the Java Runtime Environment:
#
#  Internal Error (javaClasses.cpp:129), pid=5400, tid=5896
#  fatal error: Invalid layout of preloaded class
#
# JRE version: 7.0_25-b17
# Java VM: Java HotSpot(TM) 64-Bit Server VM (23.25-b01 mixed mode windows-amd64 compressed oops)
# Failed to write core dump. Minidumps are not enabled by default on client versions of Windows
#
# If you would like to submit a bug report, please visit:
#   http://bugreport.sun.com/bugreport/crash.jsp
#

---------------  T H R E A D  ---------------

Current thread (0x0000000001eae000):  JavaThread "Unknown thread" [_thread_in_vm, id=5896, stack(0x0000000001d90000,0x0000000001e90000)]

Stack: [0x0000000001d90000,0x0000000001e90000]

---------------  P R O C E S S  ---------------

Java Threads: ( => current thread )

Other Threads:

=>0x0000000001eae000 (exited) JavaThread "Unknown thread" [_thread_in_vm, id=5896, stack(0x0000000001d90000,0x0000000001e90000)]

VM state:not at safepoint (not fully initialized)

VM Mutex/Monitor currently owned by a thread: None

GC Heap History (0 events):
No events

Deoptimization events (0 events):
No events

Internal exceptions (0 events):
No events

Events (10 events):
Event: 0.007 loading class 0x0000000001f01a20 done
Event: 0.007 loading class 0x0000000001ec2500 done
Event: 0.007 loading class 0x0000000001ec1f30
Event: 0.008 loading class 0x0000000010894220
Event: 0.008 loading class 0x0000000010894220 done
Event: 0.008 loading class 0x0000000010894620
Event: 0.008 loading class 0x0000000010894620 done
Event: 0.008 loading class 0x0000000010893b30
Event: 0.008 loading class 0x0000000010893b30 done
Event: 0.008 loading class 0x0000000001ec1f30 done


Dynamic libraries:
0x000007f73ea90000 - 0x000007f73eac3000 	C:\Program Files\Java\jre7\bin\javaw.exe
0x000007fc3c280000 - 0x000007fc3c440000 	C:\Windows\SYSTEM32\ntdll.dll
0x000007fc3bd90000 - 0x000007fc3bec6000 	C:\Windows\system32\KERNEL32.DLL
0x000007fc39570000 - 0x000007fc39663000 	C:\Windows\system32\KERNELBASE.dll
0x000007fc3b9b0000 - 0x000007fc3ba8e000 	C:\Windows\system32\ADVAPI32.dll
0x000007fc3b380000 - 0x000007fc3b4cc000 	C:\Windows\system32\USER32.dll
0x000007fc35840000 - 0x000007fc35aaa000 	C:\Windows\WinSxS\amd64_microsoft.windows.common-controls_6595b64144ccf1df_6.0.9200.16579_none_418ab7ef718b27ef\COMCTL32.dll
0x000007fc3bad0000 - 0x000007fc3bb75000 	C:\Windows\system32\msvcrt.dll
0x000007fc39670000 - 0x000007fc396b8000 	C:\Windows\SYSTEM32\sechost.dll
0x000007fc3bb80000 - 0x000007fc3bcc5000 	C:\Windows\system32\RPCRT4.dll
0x000007fc3c0e0000 - 0x000007fc3c221000 	C:\Windows\system32\GDI32.dll
0x000007fc3ba90000 - 0x000007fc3bac9000 	C:\Windows\system32\IMM32.DLL
0x000007fc39cf0000 - 0x000007fc39e06000 	C:\Windows\system32\MSCTF.dll
0x0000000070b20000 - 0x0000000070bf1000 	C:\Program Files\Java\jre7\bin\msvcr100.dll
0x0000000070410000 - 0x0000000070b1f000 	C:\Program Files\Java\jre7\bin\server\jvm.dll
0x000007fc25070000 - 0x000007fc25079000 	C:\Windows\SYSTEM32\WSOCK32.dll
0x000007fc30fe0000 - 0x000007fc31000000 	C:\Windows\SYSTEM32\WINMM.dll
0x000007fc39790000 - 0x000007fc39797000 	C:\Windows\system32\PSAPI.DLL
0x000007fc39c90000 - 0x000007fc39ce8000 	C:\Windows\system32\WS2_32.dll
0x000007fc30fa0000 - 0x000007fc30fd3000 	C:\Windows\SYSTEM32\WINMMBASE.dll
0x000007fc3bd80000 - 0x000007fc3bd89000 	C:\Windows\system32\NSI.dll
0x000007fc392b0000 - 0x000007fc392ff000 	C:\Windows\SYSTEM32\cfgmgr32.dll
0x000007fc39540000 - 0x000007fc39562000 	C:\Windows\system32\DEVOBJ.dll
0x0000000070400000 - 0x000000007040f000 	C:\Program Files\Java\jre7\bin\verify.dll
0x00000000703d0000 - 0x00000000703f8000 	C:\Program Files\Java\jre7\bin\java.dll
0x00000000703b0000 - 0x00000000703c5000 	C:\Program Files\Java\jre7\bin\zip.dll

VM Arguments:
jvm_args: -Dfile.encoding=Cp1252 -Xbootclasspath:C:\Users\Daniel\Documents\School\Spring2014\CS2340\AndriodADT\adt-bundle-windows-x86_64-20131030\sdk\platforms\android-19\android.jar 
java_command: cs2340.andriod.Activities.test
Launcher Type: SUN_STANDARD

Environment Variables:
JAVA_HOME=C:\Program Files\Java\jdk1.7.0_25
PATH=C:\Program Files (x86)\Intel\iCLS Client\;C:\Program Files\Intel\iCLS Client\;C:\Program Files (x86)\NVIDIA Corporation\PhysX\Common;C:\Windows\system32;C:\Windows;C:\Windows\System32\Wbem;C:\Windows\System32\WindowsPowerShell\v1.0\;C:\Program Files (x86)\Windows Live\Shared;C:\Program Files\Intel\Intel(R) Management Engine Components\DAL;C:\Program Files\Intel\Intel(R) Management Engine Components\IPT;C:\Program Files (x86)\Intel\Intel(R) Management Engine Components\DAL;C:\Program Files (x86)\Intel\Intel(R) Management Engine Components\IPT;C:\Program Files\Microsoft\Web Platform Installer\;C:\Program Files (x86)\Microsoft ASP.NET\ASP.NET Web Pages\v1.0\;C:\Program Files\Microsoft SQL Server\110\Tools\Binn\;C:\Program Files\TortoiseSVN\bin;C:\Program Files (x86)\Windows Kits\8.1\Windows Performance Toolkit\;C:\Program Files (x86)\PharosSystems\Core;C:\Program Files\TortoiseGit\bin;C:\Program Files\Java\jdk1.7.0_25\bin;C:\Users\Daniel\Documents\School\Spring2014\CS2340\Gradle\gradle-1.10\bin;C:\Users\Daniel\Documents\School\Spring2014\CS2340\AndriodADT\adt-bundle-windows-x86_64-20131030\sdk\tools;C:\Users\Daniel\Documents\School\Spring2014\CS2340\AndriodADT\adt-bundle-windows-x86_64-20131030\sdk\platform-tools;C:\Users\Daniel\Documents\School\Spring2014\CS2340\apache-ant-1.9.3\bin
USERNAME=Daniel
OS=Windows_NT
PROCESSOR_IDENTIFIER=Intel64 Family 6 Model 60 Stepping 3, GenuineIntel



---------------  S Y S T E M  ---------------

OS: Windows 8 , 64 bit Build 9200 

CPU:total 8 (4 cores per cpu, 2 threads per core) family 6 model 60 stepping 3, cmov, cx8, fxsr, mmx, sse, sse2, sse3, ssse3, sse4.1, sse4.2, popcnt, avx, avx2, ht, tsc, tscinvbit

Memory: 4k page, physical 16692728k(10319748k free), swap 19052024k(8394616k free)

vm_info: Java HotSpot(TM) 64-Bit Server VM (23.25-b01) for windows-amd64 JRE (1.7.0_25-b17), built on Jun 21 2013 12:58:32 by "java_re" with unknown MS VC++:1600

time: Sun Feb 16 05:18:01 2014
elapsed time: 0 seconds

